{"/Users/jamsden/Developer/OSLC/oslc4js/oslc-client/OSLCClient.js": {"path":"/Users/jamsden/Developer/OSLC/oslc4js/oslc-client/OSLCClient.js","statementMap":{"0":{"start":{"line":14,"column":25},"end":{"line":18,"column":1}},"1":{"start":{"line":28,"column":8},"end":{"line":28,"column":88}},"2":{"start":{"line":29,"column":8},"end":{"line":29,"column":27}},"3":{"start":{"line":30,"column":8},"end":{"line":30,"column":33}},"4":{"start":{"line":31,"column":8},"end":{"line":31,"column":33}},"5":{"start":{"line":32,"column":8},"end":{"line":32,"column":24}},"6":{"start":{"line":33,"column":8},"end":{"line":33,"column":23}},"7":{"start":{"line":34,"column":8},"end":{"line":34,"column":34}},"8":{"start":{"line":35,"column":8},"end":{"line":35,"column":35}},"9":{"start":{"line":38,"column":8},"end":{"line":38,"column":23}},"10":{"start":{"line":39,"column":8},"end":{"line":51,"column":11}},"11":{"start":{"line":65,"column":8},"end":{"line":102,"column":9}},"12":{"start":{"line":67,"column":12},"end":{"line":67,"column":79}},"13":{"start":{"line":68,"column":12},"end":{"line":68,"column":94}},"14":{"start":{"line":71,"column":12},"end":{"line":80,"column":13}},"15":{"start":{"line":72,"column":16},"end":{"line":72,"column":76}},"16":{"start":{"line":74,"column":16},"end":{"line":79,"column":17}},"17":{"start":{"line":76,"column":20},"end":{"line":76,"column":68}},"18":{"start":{"line":78,"column":20},"end":{"line":78,"column":32}},"19":{"start":{"line":82,"column":12},"end":{"line":97,"column":13}},"20":{"start":{"line":84,"column":33},"end":{"line":84,"column":68}},"21":{"start":{"line":85,"column":16},"end":{"line":94,"column":19}},"22":{"start":{"line":93,"column":42},"end":{"line":93,"column":46}},"23":{"start":{"line":95,"column":19},"end":{"line":97,"column":13}},"24":{"start":{"line":100,"column":12},"end":{"line":100,"column":66}},"25":{"start":{"line":101,"column":12},"end":{"line":101,"column":25}},"26":{"start":{"line":105,"column":23},"end":{"line":105,"column":89}},"27":{"start":{"line":106,"column":8},"end":{"line":108,"column":9}},"28":{"start":{"line":107,"column":12},"end":{"line":107,"column":80}},"29":{"start":{"line":110,"column":8},"end":{"line":115,"column":9}},"30":{"start":{"line":111,"column":12},"end":{"line":111,"column":54}},"31":{"start":{"line":112,"column":12},"end":{"line":112,"column":95}},"32":{"start":{"line":114,"column":12},"end":{"line":114,"column":75}},"33":{"start":{"line":118,"column":20},"end":{"line":118,"column":65}},"34":{"start":{"line":119,"column":8},"end":{"line":121,"column":9}},"35":{"start":{"line":120,"column":12},"end":{"line":120,"column":83}},"36":{"start":{"line":122,"column":8},"end":{"line":122,"column":49}},"37":{"start":{"line":123,"column":8},"end":{"line":123,"column":83}},"38":{"start":{"line":134,"column":24},"end":{"line":137,"column":9}},"39":{"start":{"line":140,"column":8},"end":{"line":145,"column":9}},"40":{"start":{"line":141,"column":12},"end":{"line":141,"column":63}},"41":{"start":{"line":143,"column":12},"end":{"line":143,"column":61}},"42":{"start":{"line":144,"column":12},"end":{"line":144,"column":24}},"43":{"start":{"line":146,"column":21},"end":{"line":146,"column":42}},"44":{"start":{"line":147,"column":28},"end":{"line":147,"column":60}},"45":{"start":{"line":149,"column":8},"end":{"line":163,"column":9}},"46":{"start":{"line":150,"column":12},"end":{"line":150,"column":81}},"47":{"start":{"line":151,"column":15},"end":{"line":163,"column":9}},"48":{"start":{"line":152,"column":12},"end":{"line":152,"column":49}},"49":{"start":{"line":156,"column":26},"end":{"line":156,"column":38}},"50":{"start":{"line":157,"column":12},"end":{"line":161,"column":13}},"51":{"start":{"line":158,"column":16},"end":{"line":158,"column":66}},"52":{"start":{"line":160,"column":16},"end":{"line":160,"column":32}},"53":{"start":{"line":162,"column":12},"end":{"line":162,"column":54}},"54":{"start":{"line":165,"column":8},"end":{"line":165,"column":68}},"55":{"start":{"line":170,"column":20},"end":{"line":170,"column":31}},"56":{"start":{"line":171,"column":24},"end":{"line":175,"column":9}},"57":{"start":{"line":177,"column":8},"end":{"line":179,"column":9}},"58":{"start":{"line":178,"column":12},"end":{"line":178,"column":39}},"59":{"start":{"line":181,"column":21},"end":{"line":181,"column":65}},"60":{"start":{"line":182,"column":25},"end":{"line":182,"column":70}},"61":{"start":{"line":184,"column":8},"end":{"line":188,"column":9}},"62":{"start":{"line":185,"column":12},"end":{"line":187,"column":14}},"63":{"start":{"line":192,"column":32},"end":{"line":192,"column":75}},"64":{"start":{"line":193,"column":24},"end":{"line":197,"column":9}},"65":{"start":{"line":199,"column":21},"end":{"line":199,"column":65}},"66":{"start":{"line":200,"column":25},"end":{"line":200,"column":83}},"67":{"start":{"line":202,"column":8},"end":{"line":206,"column":9}},"68":{"start":{"line":203,"column":12},"end":{"line":205,"column":14}},"69":{"start":{"line":208,"column":25},"end":{"line":208,"column":50}},"70":{"start":{"line":209,"column":25},"end":{"line":209,"column":57}},"71":{"start":{"line":210,"column":8},"end":{"line":210,"column":24}},"72":{"start":{"line":214,"column":26},"end":{"line":214,"column":63}},"73":{"start":{"line":215,"column":8},"end":{"line":215,"column":77}},"74":{"start":{"line":219,"column":24},"end":{"line":223,"column":9}},"75":{"start":{"line":225,"column":23},"end":{"line":225,"column":44}},"76":{"start":{"line":226,"column":8},"end":{"line":226,"column":57}},"77":{"start":{"line":226,"column":20},"end":{"line":226,"column":57}},"78":{"start":{"line":227,"column":8},"end":{"line":227,"column":57}},"79":{"start":{"line":227,"column":20},"end":{"line":227,"column":57}},"80":{"start":{"line":228,"column":8},"end":{"line":228,"column":54}},"81":{"start":{"line":228,"column":19},"end":{"line":228,"column":54}},"82":{"start":{"line":229,"column":8},"end":{"line":229,"column":60}},"83":{"start":{"line":229,"column":21},"end":{"line":229,"column":60}},"84":{"start":{"line":230,"column":8},"end":{"line":230,"column":46}},"85":{"start":{"line":232,"column":18},"end":{"line":232,"column":53}},"86":{"start":{"line":233,"column":23},"end":{"line":233,"column":62}},"87":{"start":{"line":235,"column":8},"end":{"line":235,"column":58}},"88":{"start":{"line":237,"column":23},"end":{"line":237,"column":84}},"89":{"start":{"line":238,"column":8},"end":{"line":242,"column":9}},"90":{"start":{"line":239,"column":12},"end":{"line":239,"column":68}},"91":{"start":{"line":240,"column":12},"end":{"line":240,"column":61}},"92":{"start":{"line":241,"column":12},"end":{"line":241,"column":84}},"93":{"start":{"line":244,"column":8},"end":{"line":244,"column":26}},"94":{"start":{"line":248,"column":8},"end":{"line":250,"column":9}},"95":{"start":{"line":249,"column":12},"end":{"line":249,"column":42}},"96":{"start":{"line":252,"column":24},"end":{"line":252,"column":59}},"97":{"start":{"line":253,"column":25},"end":{"line":253,"column":64}},"98":{"start":{"line":255,"column":8},"end":{"line":257,"column":9}},"99":{"start":{"line":256,"column":12},"end":{"line":256,"column":29}},"100":{"start":{"line":259,"column":32},"end":{"line":259,"column":75}},"101":{"start":{"line":260,"column":8},"end":{"line":260,"column":64}},"102":{"start":{"line":262,"column":21},"end":{"line":266,"column":16}},"103":{"start":{"line":268,"column":8},"end":{"line":271,"column":9}},"104":{"start":{"line":269,"column":12},"end":{"line":269,"column":41}},"105":{"start":{"line":270,"column":12},"end":{"line":270,"column":24}},"106":{"start":{"line":273,"column":8},"end":{"line":273,"column":25}},"107":{"start":{"line":277,"column":22},"end":{"line":284,"column":14}},"108":{"start":{"line":286,"column":24},"end":{"line":286,"column":53}},"109":{"start":{"line":287,"column":8},"end":{"line":289,"column":9}},"110":{"start":{"line":288,"column":12},"end":{"line":288,"column":77}},"111":{"start":{"line":290,"column":8},"end":{"line":290,"column":35}},"112":{"start":{"line":294,"column":22},"end":{"line":301,"column":14}},"113":{"start":{"line":303,"column":24},"end":{"line":303,"column":53}},"114":{"start":{"line":304,"column":8},"end":{"line":306,"column":9}},"115":{"start":{"line":305,"column":12},"end":{"line":305,"column":77}},"116":{"start":{"line":307,"column":8},"end":{"line":307,"column":38}},"117":{"start":{"line":311,"column":8},"end":{"line":316,"column":11}},"118":{"start":{"line":312,"column":12},"end":{"line":315,"column":15}},"119":{"start":{"line":313,"column":16},"end":{"line":313,"column":44}},"120":{"start":{"line":313,"column":25},"end":{"line":313,"column":44}},"121":{"start":{"line":314,"column":16},"end":{"line":314,"column":30}}},"fnMap":{"0":{"name":"(anonymous_0)","decl":{"start":{"line":27,"column":4},"end":{"line":27,"column":5}},"loc":{"start":{"line":27,"column":44},"end":{"line":52,"column":5}},"line":27},"1":{"name":"(anonymous_1)","decl":{"start":{"line":60,"column":4},"end":{"line":60,"column":5}},"loc":{"start":{"line":60,"column":50},"end":{"line":124,"column":5}},"line":60},"2":{"name":"(anonymous_2)","decl":{"start":{"line":93,"column":36},"end":{"line":93,"column":37}},"loc":{"start":{"line":93,"column":42},"end":{"line":93,"column":46}},"line":93},"3":{"name":"(anonymous_3)","decl":{"start":{"line":133,"column":4},"end":{"line":133,"column":5}},"loc":{"start":{"line":133,"column":81},"end":{"line":166,"column":5}},"line":133},"4":{"name":"(anonymous_4)","decl":{"start":{"line":169,"column":4},"end":{"line":169,"column":5}},"loc":{"start":{"line":169,"column":64},"end":{"line":189,"column":5}},"line":169},"5":{"name":"(anonymous_5)","decl":{"start":{"line":191,"column":4},"end":{"line":191,"column":5}},"loc":{"start":{"line":191,"column":68},"end":{"line":211,"column":5}},"line":191},"6":{"name":"(anonymous_6)","decl":{"start":{"line":213,"column":4},"end":{"line":213,"column":5}},"loc":{"start":{"line":213,"column":90},"end":{"line":216,"column":5}},"line":213},"7":{"name":"(anonymous_7)","decl":{"start":{"line":218,"column":4},"end":{"line":218,"column":5}},"loc":{"start":{"line":218,"column":95},"end":{"line":245,"column":5}},"line":218},"8":{"name":"(anonymous_8)","decl":{"start":{"line":247,"column":4},"end":{"line":247,"column":5}},"loc":{"start":{"line":247,"column":24},"end":{"line":274,"column":5}},"line":247},"9":{"name":"(anonymous_9)","decl":{"start":{"line":276,"column":4},"end":{"line":276,"column":5}},"loc":{"start":{"line":276,"column":37},"end":{"line":291,"column":5}},"line":276},"10":{"name":"(anonymous_10)","decl":{"start":{"line":293,"column":4},"end":{"line":293,"column":5}},"loc":{"start":{"line":293,"column":43},"end":{"line":308,"column":5}},"line":293},"11":{"name":"(anonymous_11)","decl":{"start":{"line":310,"column":4},"end":{"line":310,"column":5}},"loc":{"start":{"line":310,"column":29},"end":{"line":317,"column":5}},"line":310},"12":{"name":"(anonymous_12)","decl":{"start":{"line":311,"column":27},"end":{"line":311,"column":28}},"loc":{"start":{"line":311,"column":48},"end":{"line":316,"column":9}},"line":311},"13":{"name":"(anonymous_13)","decl":{"start":{"line":312,"column":49},"end":{"line":312,"column":50}},"loc":{"start":{"line":312,"column":64},"end":{"line":315,"column":13}},"line":312}},"branchMap":{"0":{"loc":{"start":{"line":28,"column":24},"end":{"line":28,"column":87}},"type":"cond-expr","locations":[{"start":{"line":28,"column":51},"end":{"line":28,"column":74}},{"start":{"line":28,"column":77},"end":{"line":28,"column":87}}],"line":28},"1":{"loc":{"start":{"line":60,"column":35},"end":{"line":60,"column":48}},"type":"default-arg","locations":[{"start":{"line":60,"column":44},"end":{"line":60,"column":48}}],"line":60},"2":{"loc":{"start":{"line":74,"column":16},"end":{"line":79,"column":17}},"type":"if","locations":[{"start":{"line":74,"column":16},"end":{"line":79,"column":17}},{"start":{"line":77,"column":23},"end":{"line":79,"column":17}}],"line":74},"3":{"loc":{"start":{"line":82,"column":12},"end":{"line":97,"column":13}},"type":"if","locations":[{"start":{"line":82,"column":12},"end":{"line":97,"column":13}},{"start":{"line":95,"column":19},"end":{"line":97,"column":13}}],"line":82},"4":{"loc":{"start":{"line":95,"column":19},"end":{"line":97,"column":13}},"type":"if","locations":[{"start":{"line":95,"column":19},"end":{"line":97,"column":13}},{"start":{},"end":{}}],"line":95},"5":{"loc":{"start":{"line":106,"column":8},"end":{"line":108,"column":9}},"type":"if","locations":[{"start":{"line":106,"column":8},"end":{"line":108,"column":9}},{"start":{},"end":{}}],"line":106},"6":{"loc":{"start":{"line":119,"column":8},"end":{"line":121,"column":9}},"type":"if","locations":[{"start":{"line":119,"column":8},"end":{"line":121,"column":9}},{"start":{},"end":{}}],"line":119},"7":{"loc":{"start":{"line":133,"column":27},"end":{"line":133,"column":47}},"type":"default-arg","locations":[{"start":{"line":133,"column":42},"end":{"line":133,"column":47}}],"line":133},"8":{"loc":{"start":{"line":133,"column":49},"end":{"line":133,"column":79}},"type":"default-arg","locations":[{"start":{"line":133,"column":58},"end":{"line":133,"column":79}}],"line":133},"9":{"loc":{"start":{"line":149,"column":8},"end":{"line":163,"column":9}},"type":"if","locations":[{"start":{"line":149,"column":8},"end":{"line":163,"column":9}},{"start":{"line":151,"column":15},"end":{"line":163,"column":9}}],"line":149},"10":{"loc":{"start":{"line":149,"column":12},"end":{"line":149,"column":87}},"type":"binary-expr","locations":[{"start":{"line":149,"column":12},"end":{"line":149,"column":44}},{"start":{"line":149,"column":48},"end":{"line":149,"column":87}}],"line":149},"11":{"loc":{"start":{"line":151,"column":15},"end":{"line":163,"column":9}},"type":"if","locations":[{"start":{"line":151,"column":15},"end":{"line":163,"column":9}},{"start":{"line":153,"column":15},"end":{"line":163,"column":9}}],"line":151},"12":{"loc":{"start":{"line":169,"column":29},"end":{"line":169,"column":40}},"type":"default-arg","locations":[{"start":{"line":169,"column":36},"end":{"line":169,"column":40}}],"line":169},"13":{"loc":{"start":{"line":169,"column":42},"end":{"line":169,"column":62}},"type":"default-arg","locations":[{"start":{"line":169,"column":57},"end":{"line":169,"column":62}}],"line":169},"14":{"loc":{"start":{"line":177,"column":8},"end":{"line":179,"column":9}},"type":"if","locations":[{"start":{"line":177,"column":8},"end":{"line":179,"column":9}},{"start":{},"end":{}}],"line":177},"15":{"loc":{"start":{"line":184,"column":8},"end":{"line":188,"column":9}},"type":"if","locations":[{"start":{"line":184,"column":8},"end":{"line":188,"column":9}},{"start":{},"end":{}}],"line":184},"16":{"loc":{"start":{"line":184,"column":12},"end":{"line":184,"column":62}},"type":"binary-expr","locations":[{"start":{"line":184,"column":12},"end":{"line":184,"column":35}},{"start":{"line":184,"column":39},"end":{"line":184,"column":62}}],"line":184},"17":{"loc":{"start":{"line":191,"column":46},"end":{"line":191,"column":66}},"type":"default-arg","locations":[{"start":{"line":191,"column":61},"end":{"line":191,"column":66}}],"line":191},"18":{"loc":{"start":{"line":202,"column":8},"end":{"line":206,"column":9}},"type":"if","locations":[{"start":{"line":202,"column":8},"end":{"line":206,"column":9}},{"start":{},"end":{}}],"line":202},"19":{"loc":{"start":{"line":202,"column":12},"end":{"line":202,"column":62}},"type":"binary-expr","locations":[{"start":{"line":202,"column":12},"end":{"line":202,"column":35}},{"start":{"line":202,"column":39},"end":{"line":202,"column":62}}],"line":202},"20":{"loc":{"start":{"line":213,"column":30},"end":{"line":213,"column":43}},"type":"default-arg","locations":[{"start":{"line":213,"column":39},"end":{"line":213,"column":43}}],"line":213},"21":{"loc":{"start":{"line":213,"column":45},"end":{"line":213,"column":58}},"type":"default-arg","locations":[{"start":{"line":213,"column":54},"end":{"line":213,"column":58}}],"line":213},"22":{"loc":{"start":{"line":213,"column":60},"end":{"line":213,"column":72}},"type":"default-arg","locations":[{"start":{"line":213,"column":68},"end":{"line":213,"column":72}}],"line":213},"23":{"loc":{"start":{"line":213,"column":74},"end":{"line":213,"column":88}},"type":"default-arg","locations":[{"start":{"line":213,"column":84},"end":{"line":213,"column":88}}],"line":213},"24":{"loc":{"start":{"line":218,"column":35},"end":{"line":218,"column":48}},"type":"default-arg","locations":[{"start":{"line":218,"column":44},"end":{"line":218,"column":48}}],"line":218},"25":{"loc":{"start":{"line":218,"column":50},"end":{"line":218,"column":63}},"type":"default-arg","locations":[{"start":{"line":218,"column":59},"end":{"line":218,"column":63}}],"line":218},"26":{"loc":{"start":{"line":218,"column":65},"end":{"line":218,"column":77}},"type":"default-arg","locations":[{"start":{"line":218,"column":73},"end":{"line":218,"column":77}}],"line":218},"27":{"loc":{"start":{"line":218,"column":79},"end":{"line":218,"column":93}},"type":"default-arg","locations":[{"start":{"line":218,"column":89},"end":{"line":218,"column":93}}],"line":218},"28":{"loc":{"start":{"line":226,"column":8},"end":{"line":226,"column":57}},"type":"if","locations":[{"start":{"line":226,"column":8},"end":{"line":226,"column":57}},{"start":{},"end":{}}],"line":226},"29":{"loc":{"start":{"line":227,"column":8},"end":{"line":227,"column":57}},"type":"if","locations":[{"start":{"line":227,"column":8},"end":{"line":227,"column":57}},{"start":{},"end":{}}],"line":227},"30":{"loc":{"start":{"line":228,"column":8},"end":{"line":228,"column":54}},"type":"if","locations":[{"start":{"line":228,"column":8},"end":{"line":228,"column":54}},{"start":{},"end":{}}],"line":228},"31":{"loc":{"start":{"line":229,"column":8},"end":{"line":229,"column":60}},"type":"if","locations":[{"start":{"line":229,"column":8},"end":{"line":229,"column":60}},{"start":{},"end":{}}],"line":229},"32":{"loc":{"start":{"line":248,"column":8},"end":{"line":250,"column":9}},"type":"if","locations":[{"start":{"line":248,"column":8},"end":{"line":250,"column":9}},{"start":{},"end":{}}],"line":248},"33":{"loc":{"start":{"line":255,"column":8},"end":{"line":257,"column":9}},"type":"if","locations":[{"start":{"line":255,"column":8},"end":{"line":257,"column":9}},{"start":{},"end":{}}],"line":255},"34":{"loc":{"start":{"line":259,"column":32},"end":{"line":259,"column":75}},"type":"binary-expr","locations":[{"start":{"line":259,"column":32},"end":{"line":259,"column":68}},{"start":{"line":259,"column":72},"end":{"line":259,"column":75}}],"line":259},"35":{"loc":{"start":{"line":268,"column":8},"end":{"line":271,"column":9}},"type":"if","locations":[{"start":{"line":268,"column":8},"end":{"line":271,"column":9}},{"start":{},"end":{}}],"line":268},"36":{"loc":{"start":{"line":287,"column":8},"end":{"line":289,"column":9}},"type":"if","locations":[{"start":{"line":287,"column":8},"end":{"line":289,"column":9}},{"start":{},"end":{}}],"line":287},"37":{"loc":{"start":{"line":304,"column":8},"end":{"line":306,"column":9}},"type":"if","locations":[{"start":{"line":304,"column":8},"end":{"line":306,"column":9}},{"start":{},"end":{}}],"line":304},"38":{"loc":{"start":{"line":313,"column":16},"end":{"line":313,"column":44}},"type":"if","locations":[{"start":{"line":313,"column":16},"end":{"line":313,"column":44}},{"start":{},"end":{}}],"line":313}},"s":{"0":1,"1":1,"2":1,"3":1,"4":1,"5":1,"6":1,"7":1,"8":1,"9":1,"10":1,"11":1,"12":1,"13":1,"14":1,"15":1,"16":0,"17":0,"18":0,"19":1,"20":1,"21":1,"22":1,"23":0,"24":0,"25":0,"26":1,"27":1,"28":0,"29":1,"30":1,"31":1,"32":0,"33":1,"34":1,"35":0,"36":1,"37":1,"38":4,"39":4,"40":4,"41":0,"42":0,"43":4,"44":4,"45":4,"46":0,"47":4,"48":0,"49":4,"50":4,"51":4,"52":0,"53":4,"54":0,"55":0,"56":0,"57":0,"58":0,"59":0,"60":0,"61":0,"62":0,"63":0,"64":0,"65":0,"66":0,"67":0,"68":0,"69":0,"70":0,"71":0,"72":0,"73":0,"74":0,"75":0,"76":0,"77":0,"78":0,"79":0,"80":0,"81":0,"82":0,"83":0,"84":0,"85":0,"86":0,"87":0,"88":0,"89":0,"90":0,"91":0,"92":0,"93":0,"94":0,"95":0,"96":0,"97":0,"98":0,"99":0,"100":0,"101":0,"102":0,"103":0,"104":0,"105":0,"106":0,"107":0,"108":0,"109":0,"110":0,"111":0,"112":0,"113":0,"114":0,"115":0,"116":0,"117":0,"118":0,"119":0,"120":0,"121":0},"f":{"0":1,"1":1,"2":1,"3":4,"4":0,"5":0,"6":0,"7":0,"8":0,"9":0,"10":0,"11":0,"12":0,"13":0},"b":{"0":[0,1],"1":[0],"2":[0,0],"3":[1,0],"4":[0,0],"5":[0,1],"6":[0,1],"7":[4],"8":[4],"9":[0,4],"10":[4,4],"11":[0,4],"12":[0],"13":[0],"14":[0,0],"15":[0,0],"16":[0,0],"17":[0],"18":[0,0],"19":[0,0],"20":[0],"21":[0],"22":[0],"23":[0],"24":[0],"25":[0],"26":[0],"27":[0],"28":[0,0],"29":[0,0],"30":[0,0],"31":[0,0],"32":[0,0],"33":[0,0],"34":[0,0],"35":[0,0],"36":[0,0],"37":[0,0],"38":[0,0]},"_coverageSchema":"1a1c01bbd47fc00a2c39e90264f33305004495a9","hash":"79d6181989de02d5fa6f14cac68a450bc40d80db"}
,"/Users/jamsden/Developer/OSLC/oslc4js/oslc-client/OSLCResource.js": {"path":"/Users/jamsden/Developer/OSLC/oslc4js/oslc-client/OSLCResource.js","statementMap":{"0":{"start":{"line":41,"column":4},"end":{"line":50,"column":5}},"1":{"start":{"line":42,"column":6},"end":{"line":42,"column":31}},"2":{"start":{"line":43,"column":6},"end":{"line":43,"column":25}},"3":{"start":{"line":44,"column":6},"end":{"line":44,"column":23}},"4":{"start":{"line":47,"column":6},"end":{"line":47,"column":34}},"5":{"start":{"line":48,"column":6},"end":{"line":48,"column":36}},"6":{"start":{"line":49,"column":6},"end":{"line":49,"column":28}},"7":{"start":{"line":54,"column":4},"end":{"line":54,"column":26}},"8":{"start":{"line":67,"column":12},"end":{"line":67,"column":78}},"9":{"start":{"line":68,"column":17},"end":{"line":68,"column":45}},"10":{"start":{"line":69,"column":4},"end":{"line":75,"column":5}},"11":{"start":{"line":70,"column":6},"end":{"line":70,"column":29}},"12":{"start":{"line":71,"column":11},"end":{"line":75,"column":5}},"13":{"start":{"line":72,"column":6},"end":{"line":72,"column":40}},"14":{"start":{"line":72,"column":31},"end":{"line":72,"column":38}},"15":{"start":{"line":74,"column":6},"end":{"line":74,"column":23}},"16":{"start":{"line":91,"column":4},"end":{"line":91,"column":43}},"17":{"start":{"line":100,"column":17},"end":{"line":100,"column":43}},"18":{"start":{"line":101,"column":4},"end":{"line":101,"column":54}},"19":{"start":{"line":105,"column":4},"end":{"line":105,"column":40}},"20":{"start":{"line":114,"column":17},"end":{"line":114,"column":49}},"21":{"start":{"line":115,"column":4},"end":{"line":115,"column":54}},"22":{"start":{"line":124,"column":4},"end":{"line":124,"column":52}},"23":{"start":{"line":133,"column":4},"end":{"line":133,"column":58}},"24":{"start":{"line":152,"column":12},"end":{"line":152,"column":78}},"25":{"start":{"line":153,"column":18},"end":{"line":153,"column":26}},"26":{"start":{"line":154,"column":4},"end":{"line":154,"column":76}},"27":{"start":{"line":155,"column":4},"end":{"line":155,"column":44}},"28":{"start":{"line":155,"column":37},"end":{"line":155,"column":44}},"29":{"start":{"line":156,"column":4},"end":{"line":162,"column":5}},"30":{"start":{"line":157,"column":6},"end":{"line":159,"column":7}},"31":{"start":{"line":157,"column":19},"end":{"line":157,"column":20}},"32":{"start":{"line":158,"column":8},"end":{"line":158,"column":45}},"33":{"start":{"line":161,"column":6},"end":{"line":161,"column":40}},"34":{"start":{"line":169,"column":20},"end":{"line":169,"column":29}},"35":{"start":{"line":170,"column":21},"end":{"line":170,"column":82}},"36":{"start":{"line":171,"column":4},"end":{"line":174,"column":5}},"37":{"start":{"line":172,"column":6},"end":{"line":173,"column":49}},"38":{"start":{"line":173,"column":8},"end":{"line":173,"column":49}},"39":{"start":{"line":175,"column":4},"end":{"line":175,"column":21}},"40":{"start":{"line":182,"column":17},"end":{"line":182,"column":19}},"41":{"start":{"line":183,"column":21},"end":{"line":183,"column":82}},"42":{"start":{"line":184,"column":4},"end":{"line":195,"column":5}},"43":{"start":{"line":185,"column":6},"end":{"line":194,"column":7}},"44":{"start":{"line":186,"column":8},"end":{"line":190,"column":9}},"45":{"start":{"line":187,"column":10},"end":{"line":189,"column":12}},"46":{"start":{"line":191,"column":8},"end":{"line":191,"column":71}},"47":{"start":{"line":193,"column":8},"end":{"line":193,"column":67}},"48":{"start":{"line":196,"column":4},"end":{"line":196,"column":18}}},"fnMap":{"0":{"name":"(anonymous_0)","decl":{"start":{"line":40,"column":2},"end":{"line":40,"column":3}},"loc":{"start":{"line":40,"column":42},"end":{"line":51,"column":3}},"line":40},"1":{"name":"(anonymous_1)","decl":{"start":{"line":53,"column":2},"end":{"line":53,"column":3}},"loc":{"start":{"line":53,"column":11},"end":{"line":55,"column":3}},"line":53},"2":{"name":"(anonymous_2)","decl":{"start":{"line":66,"column":2},"end":{"line":66,"column":3}},"loc":{"start":{"line":66,"column":16},"end":{"line":76,"column":3}},"line":66},"3":{"name":"(anonymous_3)","decl":{"start":{"line":72,"column":24},"end":{"line":72,"column":25}},"loc":{"start":{"line":72,"column":31},"end":{"line":72,"column":38}},"line":72},"4":{"name":"(anonymous_4)","decl":{"start":{"line":90,"column":2},"end":{"line":90,"column":3}},"loc":{"start":{"line":90,"column":18},"end":{"line":92,"column":3}},"line":90},"5":{"name":"(anonymous_5)","decl":{"start":{"line":99,"column":2},"end":{"line":99,"column":3}},"loc":{"start":{"line":99,"column":13},"end":{"line":102,"column":3}},"line":99},"6":{"name":"(anonymous_6)","decl":{"start":{"line":104,"column":2},"end":{"line":104,"column":3}},"loc":{"start":{"line":104,"column":18},"end":{"line":106,"column":3}},"line":104},"7":{"name":"(anonymous_7)","decl":{"start":{"line":113,"column":2},"end":{"line":113,"column":3}},"loc":{"start":{"line":113,"column":19},"end":{"line":116,"column":3}},"line":113},"8":{"name":"(anonymous_8)","decl":{"start":{"line":123,"column":2},"end":{"line":123,"column":3}},"loc":{"start":{"line":123,"column":18},"end":{"line":125,"column":3}},"line":123},"9":{"name":"(anonymous_9)","decl":{"start":{"line":132,"column":2},"end":{"line":132,"column":3}},"loc":{"start":{"line":132,"column":24},"end":{"line":134,"column":3}},"line":132},"10":{"name":"(anonymous_10)","decl":{"start":{"line":150,"column":2},"end":{"line":150,"column":3}},"loc":{"start":{"line":150,"column":23},"end":{"line":163,"column":3}},"line":150},"11":{"name":"(anonymous_11)","decl":{"start":{"line":168,"column":2},"end":{"line":168,"column":3}},"loc":{"start":{"line":168,"column":17},"end":{"line":176,"column":3}},"line":168},"12":{"name":"(anonymous_12)","decl":{"start":{"line":181,"column":2},"end":{"line":181,"column":3}},"loc":{"start":{"line":181,"column":18},"end":{"line":197,"column":3}},"line":181}},"branchMap":{"0":{"loc":{"start":{"line":40,"column":26},"end":{"line":40,"column":40}},"type":"default-arg","locations":[{"start":{"line":40,"column":31},"end":{"line":40,"column":40}}],"line":40},"1":{"loc":{"start":{"line":41,"column":4},"end":{"line":50,"column":5}},"type":"if","locations":[{"start":{"line":41,"column":4},"end":{"line":50,"column":5}},{"start":{"line":45,"column":11},"end":{"line":50,"column":5}}],"line":41},"2":{"loc":{"start":{"line":67,"column":12},"end":{"line":67,"column":78}},"type":"cond-expr","locations":[{"start":{"line":67,"column":43},"end":{"line":67,"column":67}},{"start":{"line":67,"column":70},"end":{"line":67,"column":78}}],"line":67},"3":{"loc":{"start":{"line":69,"column":4},"end":{"line":75,"column":5}},"type":"if","locations":[{"start":{"line":69,"column":4},"end":{"line":75,"column":5}},{"start":{"line":71,"column":11},"end":{"line":75,"column":5}}],"line":69},"4":{"loc":{"start":{"line":71,"column":11},"end":{"line":75,"column":5}},"type":"if","locations":[{"start":{"line":71,"column":11},"end":{"line":75,"column":5}},{"start":{"line":73,"column":11},"end":{"line":75,"column":5}}],"line":71},"5":{"loc":{"start":{"line":101,"column":11},"end":{"line":101,"column":53}},"type":"cond-expr","locations":[{"start":{"line":101,"column":35},"end":{"line":101,"column":44}},{"start":{"line":101,"column":47},"end":{"line":101,"column":53}}],"line":101},"6":{"loc":{"start":{"line":115,"column":11},"end":{"line":115,"column":53}},"type":"cond-expr","locations":[{"start":{"line":115,"column":35},"end":{"line":115,"column":44}},{"start":{"line":115,"column":47},"end":{"line":115,"column":53}}],"line":115},"7":{"loc":{"start":{"line":152,"column":12},"end":{"line":152,"column":78}},"type":"cond-expr","locations":[{"start":{"line":152,"column":43},"end":{"line":152,"column":67}},{"start":{"line":152,"column":70},"end":{"line":152,"column":78}}],"line":152},"8":{"loc":{"start":{"line":155,"column":4},"end":{"line":155,"column":44}},"type":"if","locations":[{"start":{"line":155,"column":4},"end":{"line":155,"column":44}},{"start":{},"end":{}}],"line":155},"9":{"loc":{"start":{"line":156,"column":4},"end":{"line":162,"column":5}},"type":"if","locations":[{"start":{"line":156,"column":4},"end":{"line":162,"column":5}},{"start":{"line":160,"column":11},"end":{"line":162,"column":5}}],"line":156},"10":{"loc":{"start":{"line":172,"column":6},"end":{"line":173,"column":49}},"type":"if","locations":[{"start":{"line":172,"column":6},"end":{"line":173,"column":49}},{"start":{},"end":{}}],"line":172},"11":{"loc":{"start":{"line":185,"column":6},"end":{"line":194,"column":7}},"type":"if","locations":[{"start":{"line":185,"column":6},"end":{"line":194,"column":7}},{"start":{"line":192,"column":13},"end":{"line":194,"column":7}}],"line":185},"12":{"loc":{"start":{"line":186,"column":8},"end":{"line":190,"column":9}},"type":"if","locations":[{"start":{"line":186,"column":8},"end":{"line":190,"column":9}},{"start":{},"end":{}}],"line":186}},"s":{"0":7,"1":7,"2":7,"3":7,"4":0,"5":0,"6":0,"7":1,"8":1,"9":1,"10":1,"11":1,"12":0,"13":0,"14":0,"15":0,"16":0,"17":1,"18":1,"19":0,"20":0,"21":0,"22":0,"23":0,"24":0,"25":0,"26":0,"27":0,"28":0,"29":0,"30":0,"31":0,"32":0,"33":0,"34":0,"35":0,"36":0,"37":0,"38":0,"39":0,"40":0,"41":0,"42":0,"43":0,"44":0,"45":0,"46":0,"47":0,"48":0},"f":{"0":7,"1":1,"2":1,"3":0,"4":0,"5":1,"6":0,"7":0,"8":0,"9":0,"10":0,"11":0,"12":0},"b":{"0":[4],"1":[7,0],"2":[0,1],"3":[1,0],"4":[0,0],"5":[0,1],"6":[0,0],"7":[0,0],"8":[0,0],"9":[0,0],"10":[0,0],"11":[0,0],"12":[0,0]},"_coverageSchema":"1a1c01bbd47fc00a2c39e90264f33305004495a9","hash":"b288f62eb99dba13f8bd230d39c720cda0b41965"}
,"/Users/jamsden/Developer/OSLC/oslc4js/oslc-client/RootServices.js": {"path":"/Users/jamsden/Developer/OSLC/oslc4js/oslc-client/RootServices.js","statementMap":{"0":{"start":{"line":29,"column":2},"end":{"line":29,"column":25}},"1":{"start":{"line":45,"column":16},"end":{"line":45,"column":58}},"2":{"start":{"line":46,"column":2},"end":{"line":46,"column":21}}},"fnMap":{"0":{"name":"(anonymous_0)","decl":{"start":{"line":27,"column":1},"end":{"line":27,"column":2}},"loc":{"start":{"line":27,"column":41},"end":{"line":30,"column":2}},"line":27},"1":{"name":"(anonymous_1)","decl":{"start":{"line":44,"column":1},"end":{"line":44,"column":2}},"loc":{"start":{"line":44,"column":43},"end":{"line":47,"column":2}},"line":44}},"branchMap":{"0":{"loc":{"start":{"line":27,"column":25},"end":{"line":27,"column":39}},"type":"default-arg","locations":[{"start":{"line":27,"column":30},"end":{"line":27,"column":39}}],"line":27}},"s":{"0":1,"1":1,"2":1},"f":{"0":1,"1":1},"b":{"0":[0]},"_coverageSchema":"1a1c01bbd47fc00a2c39e90264f33305004495a9","hash":"c76a4e8d2917977c958c68eb7cdd616544d1b379"}
,"/Users/jamsden/Developer/OSLC/oslc4js/oslc-client/ServiceProvider.js": {"path":"/Users/jamsden/Developer/OSLC/oslc4js/oslc-client/ServiceProvider.js","statementMap":{"0":{"start":{"line":35,"column":2},"end":{"line":35,"column":25}},"1":{"start":{"line":45,"column":24},"end":{"line":45,"column":102}},"2":{"start":{"line":46,"column":17},"end":{"line":46,"column":59}},"3":{"start":{"line":47,"column":2},"end":{"line":54,"column":3}},"4":{"start":{"line":48,"column":27},"end":{"line":48,"column":76}},"5":{"start":{"line":49,"column":3},"end":{"line":53,"column":4}},"6":{"start":{"line":50,"column":4},"end":{"line":52,"column":5}},"7":{"start":{"line":51,"column":5},"end":{"line":51,"column":68}},"8":{"start":{"line":55,"column":2},"end":{"line":55,"column":13}},"9":{"start":{"line":66,"column":17},"end":{"line":66,"column":59}},"10":{"start":{"line":67,"column":2},"end":{"line":79,"column":3}},"11":{"start":{"line":68,"column":27},"end":{"line":68,"column":86}},"12":{"start":{"line":69,"column":3},"end":{"line":78,"column":4}},"13":{"start":{"line":70,"column":4},"end":{"line":77,"column":5}},"14":{"start":{"line":71,"column":17},"end":{"line":71,"column":90}},"15":{"start":{"line":72,"column":5},"end":{"line":74,"column":6}},"16":{"start":{"line":73,"column":6},"end":{"line":73,"column":130}},"17":{"start":{"line":73,"column":51},"end":{"line":73,"column":130}},"18":{"start":{"line":75,"column":11},"end":{"line":77,"column":5}},"19":{"start":{"line":76,"column":5},"end":{"line":76,"column":84}},"20":{"start":{"line":80,"column":2},"end":{"line":80,"column":13}}},"fnMap":{"0":{"name":"(anonymous_0)","decl":{"start":{"line":33,"column":1},"end":{"line":33,"column":2}},"loc":{"start":{"line":33,"column":41},"end":{"line":36,"column":2}},"line":33},"1":{"name":"(anonymous_1)","decl":{"start":{"line":44,"column":1},"end":{"line":44,"column":2}},"loc":{"start":{"line":44,"column":25},"end":{"line":56,"column":2}},"line":44},"2":{"name":"(anonymous_2)","decl":{"start":{"line":65,"column":1},"end":{"line":65,"column":2}},"loc":{"start":{"line":65,"column":31},"end":{"line":81,"column":2}},"line":65}},"branchMap":{"0":{"loc":{"start":{"line":33,"column":25},"end":{"line":33,"column":39}},"type":"default-arg","locations":[{"start":{"line":33,"column":30},"end":{"line":33,"column":39}}],"line":33},"1":{"loc":{"start":{"line":45,"column":24},"end":{"line":45,"column":102}},"type":"cond-expr","locations":[{"start":{"line":45,"column":60},"end":{"line":45,"column":88}},{"start":{"line":45,"column":90},"end":{"line":45,"column":102}}],"line":45},"2":{"loc":{"start":{"line":50,"column":4},"end":{"line":52,"column":5}},"type":"if","locations":[{"start":{"line":50,"column":4},"end":{"line":52,"column":5}},{"start":{},"end":{}}],"line":50},"3":{"loc":{"start":{"line":70,"column":4},"end":{"line":77,"column":5}},"type":"if","locations":[{"start":{"line":70,"column":4},"end":{"line":77,"column":5}},{"start":{"line":75,"column":11},"end":{"line":77,"column":5}}],"line":70},"4":{"loc":{"start":{"line":73,"column":6},"end":{"line":73,"column":130}},"type":"if","locations":[{"start":{"line":73,"column":6},"end":{"line":73,"column":130}},{"start":{},"end":{}}],"line":73},"5":{"loc":{"start":{"line":75,"column":11},"end":{"line":77,"column":5}},"type":"if","locations":[{"start":{"line":75,"column":11},"end":{"line":77,"column":5}},{"start":{},"end":{}}],"line":75}},"s":{"0":1,"1":1,"2":1,"3":1,"4":3,"5":3,"6":2,"7":0,"8":1,"9":1,"10":1,"11":1,"12":1,"13":1,"14":0,"15":0,"16":0,"17":0,"18":1,"19":1,"20":0},"f":{"0":1,"1":1,"2":1},"b":{"0":[1],"1":[0,1],"2":[0,2],"3":[0,1],"4":[0,0],"5":[1,0]},"_coverageSchema":"1a1c01bbd47fc00a2c39e90264f33305004495a9","hash":"89faaa16eb255075f5f136c5f6096bae86a5e2df"}
,"/Users/jamsden/Developer/OSLC/oslc4js/oslc-client/ServiceProviderCatalog.js": {"path":"/Users/jamsden/Developer/OSLC/oslc4js/oslc-client/ServiceProviderCatalog.js","statementMap":{"0":{"start":{"line":32,"column":2},"end":{"line":32,"column":25}},"1":{"start":{"line":42,"column":11},"end":{"line":43,"column":78}},"2":{"start":{"line":44,"column":2},"end":{"line":48,"column":3}},"3":{"start":{"line":45,"column":3},"end":{"line":45,"column":20}},"4":{"start":{"line":47,"column":3},"end":{"line":47,"column":27}}},"fnMap":{"0":{"name":"(anonymous_0)","decl":{"start":{"line":30,"column":1},"end":{"line":30,"column":2}},"loc":{"start":{"line":30,"column":41},"end":{"line":33,"column":2}},"line":30},"1":{"name":"(anonymous_1)","decl":{"start":{"line":41,"column":1},"end":{"line":41,"column":2}},"loc":{"start":{"line":41,"column":39},"end":{"line":49,"column":2}},"line":41}},"branchMap":{"0":{"loc":{"start":{"line":30,"column":25},"end":{"line":30,"column":39}},"type":"default-arg","locations":[{"start":{"line":30,"column":30},"end":{"line":30,"column":39}}],"line":30},"1":{"loc":{"start":{"line":44,"column":2},"end":{"line":48,"column":3}},"type":"if","locations":[{"start":{"line":44,"column":2},"end":{"line":48,"column":3}},{"start":{"line":46,"column":9},"end":{"line":48,"column":3}}],"line":44}},"s":{"0":1,"1":1,"2":1,"3":0,"4":1},"f":{"0":1,"1":1},"b":{"0":[1],"1":[0,1]},"_coverageSchema":"1a1c01bbd47fc00a2c39e90264f33305004495a9","hash":"f02b9828854aedebda32f9d77162e1ca61eb31c6"}
,"/Users/jamsden/Developer/OSLC/oslc4js/oslc-client/namespaces.js": {"path":"/Users/jamsden/Developer/OSLC/oslc4js/oslc-client/namespaces.js","statementMap":{"0":{"start":{"line":22,"column":19},"end":{"line":22,"column":75}},"1":{"start":{"line":23,"column":20},"end":{"line":23,"column":70}},"2":{"start":{"line":24,"column":23},"end":{"line":24,"column":61}},"3":{"start":{"line":25,"column":20},"end":{"line":25,"column":59}},"4":{"start":{"line":26,"column":19},"end":{"line":26,"column":62}},"5":{"start":{"line":27,"column":20},"end":{"line":27,"column":66}},"6":{"start":{"line":28,"column":23},"end":{"line":28,"column":67}},"7":{"start":{"line":29,"column":23},"end":{"line":29,"column":68}},"8":{"start":{"line":30,"column":24},"end":{"line":30,"column":75}},"9":{"start":{"line":31,"column":22},"end":{"line":31,"column":78}},"10":{"start":{"line":32,"column":26},"end":{"line":32,"column":83}},"11":{"start":{"line":33,"column":23},"end":{"line":33,"column":80}},"12":{"start":{"line":34,"column":33},"end":{"line":34,"column":141}},"13":{"start":{"line":35,"column":38},"end":{"line":35,"column":150}},"14":{"start":{"line":36,"column":23},"end":{"line":36,"column":67}},"15":{"start":{"line":37,"column":22},"end":{"line":37,"column":61}},"16":{"start":{"line":38,"column":27},"end":{"line":38,"column":88}},"17":{"start":{"line":39,"column":24},"end":{"line":39,"column":75}},"18":{"start":{"line":40,"column":20},"end":{"line":40,"column":60}},"19":{"start":{"line":41,"column":19},"end":{"line":41,"column":75}},"20":{"start":{"line":42,"column":19},"end":{"line":42,"column":56}},"21":{"start":{"line":43,"column":19},"end":{"line":43,"column":87}},"22":{"start":{"line":44,"column":23},"end":{"line":44,"column":79}},"23":{"start":{"line":45,"column":18},"end":{"line":45,"column":77}}},"fnMap":{},"branchMap":{},"s":{"0":1,"1":1,"2":1,"3":1,"4":1,"5":1,"6":1,"7":1,"8":1,"9":1,"10":1,"11":1,"12":1,"13":1,"14":1,"15":1,"16":1,"17":1,"18":1,"19":1,"20":1,"21":1,"22":1,"23":1},"f":{},"b":{},"_coverageSchema":"1a1c01bbd47fc00a2c39e90264f33305004495a9","hash":"40a7818cdc97a9b584cadb201287b9461281209f"}
}
