{"/Users/jamsden/Developer/OSLC/oslc4js/oslc-client/Compact.js": {"path":"/Users/jamsden/Developer/OSLC/oslc4js/oslc-client/Compact.js","statementMap":{"0":{"start":{"line":31,"column":2},"end":{"line":31,"column":20}},"1":{"start":{"line":35,"column":2},"end":{"line":35,"column":38}},"2":{"start":{"line":39,"column":2},"end":{"line":39,"column":32}},"3":{"start":{"line":43,"column":2},"end":{"line":43,"column":37}},"4":{"start":{"line":47,"column":2},"end":{"line":47,"column":38}},"5":{"start":{"line":51,"column":16},"end":{"line":51,"column":62}},"6":{"start":{"line":52,"column":2},"end":{"line":52,"column":28}},"7":{"start":{"line":52,"column":16},"end":{"line":52,"column":28}},"8":{"start":{"line":53,"column":19},"end":{"line":53,"column":62}},"9":{"start":{"line":54,"column":18},"end":{"line":54,"column":60}},"10":{"start":{"line":55,"column":2},"end":{"line":59,"column":3}},"11":{"start":{"line":63,"column":16},"end":{"line":63,"column":62}},"12":{"start":{"line":64,"column":2},"end":{"line":64,"column":28}},"13":{"start":{"line":64,"column":16},"end":{"line":64,"column":28}},"14":{"start":{"line":65,"column":19},"end":{"line":65,"column":62}},"15":{"start":{"line":66,"column":18},"end":{"line":66,"column":60}},"16":{"start":{"line":67,"column":2},"end":{"line":71,"column":3}}},"fnMap":{"0":{"name":"(anonymous_0)","decl":{"start":{"line":30,"column":1},"end":{"line":30,"column":2}},"loc":{"start":{"line":30,"column":25},"end":{"line":32,"column":2}},"line":30},"1":{"name":"(anonymous_1)","decl":{"start":{"line":34,"column":1},"end":{"line":34,"column":2}},"loc":{"start":{"line":34,"column":17},"end":{"line":36,"column":2}},"line":34},"2":{"name":"(anonymous_2)","decl":{"start":{"line":38,"column":1},"end":{"line":38,"column":2}},"loc":{"start":{"line":38,"column":11},"end":{"line":40,"column":2}},"line":38},"3":{"name":"(anonymous_3)","decl":{"start":{"line":42,"column":1},"end":{"line":42,"column":2}},"loc":{"start":{"line":42,"column":16},"end":{"line":44,"column":2}},"line":42},"4":{"name":"(anonymous_4)","decl":{"start":{"line":46,"column":1},"end":{"line":46,"column":2}},"loc":{"start":{"line":46,"column":17},"end":{"line":48,"column":2}},"line":46},"5":{"name":"(anonymous_5)","decl":{"start":{"line":50,"column":1},"end":{"line":50,"column":2}},"loc":{"start":{"line":50,"column":19},"end":{"line":60,"column":2}},"line":50},"6":{"name":"(anonymous_6)","decl":{"start":{"line":62,"column":1},"end":{"line":62,"column":2}},"loc":{"start":{"line":62,"column":19},"end":{"line":72,"column":2}},"line":62}},"branchMap":{"0":{"loc":{"start":{"line":52,"column":2},"end":{"line":52,"column":28}},"type":"if","locations":[{"start":{"line":52,"column":2},"end":{"line":52,"column":28}},{"start":{},"end":{}}],"line":52},"1":{"loc":{"start":{"line":57,"column":15},"end":{"line":57,"column":54}},"type":"cond-expr","locations":[{"start":{"line":57,"column":27},"end":{"line":57,"column":43}},{"start":{"line":57,"column":45},"end":{"line":57,"column":54}}],"line":57},"2":{"loc":{"start":{"line":58,"column":14},"end":{"line":58,"column":51}},"type":"cond-expr","locations":[{"start":{"line":58,"column":25},"end":{"line":58,"column":40}},{"start":{"line":58,"column":42},"end":{"line":58,"column":51}}],"line":58},"3":{"loc":{"start":{"line":64,"column":2},"end":{"line":64,"column":28}},"type":"if","locations":[{"start":{"line":64,"column":2},"end":{"line":64,"column":28}},{"start":{},"end":{}}],"line":64},"4":{"loc":{"start":{"line":69,"column":15},"end":{"line":69,"column":54}},"type":"cond-expr","locations":[{"start":{"line":69,"column":27},"end":{"line":69,"column":43}},{"start":{"line":69,"column":45},"end":{"line":69,"column":54}}],"line":69},"5":{"loc":{"start":{"line":70,"column":14},"end":{"line":70,"column":51}},"type":"cond-expr","locations":[{"start":{"line":70,"column":25},"end":{"line":70,"column":40}},{"start":{"line":70,"column":42},"end":{"line":70,"column":51}}],"line":70}},"s":{"0":0,"1":0,"2":0,"3":0,"4":0,"5":0,"6":0,"7":0,"8":0,"9":0,"10":0,"11":0,"12":0,"13":0,"14":0,"15":0,"16":0},"f":{"0":0,"1":0,"2":0,"3":0,"4":0,"5":0,"6":0},"b":{"0":[0,0],"1":[0,0],"2":[0,0],"3":[0,0],"4":[0,0],"5":[0,0]},"_coverageSchema":"1a1c01bbd47fc00a2c39e90264f33305004495a9","hash":"e4266a9247c1b280889a9f7ac1f64c0f87cc6b9c"}
,"/Users/jamsden/Developer/OSLC/oslc4js/oslc-client/OSLCClient.js": {"path":"/Users/jamsden/Developer/OSLC/oslc4js/oslc-client/OSLCClient.js","statementMap":{"0":{"start":{"line":15,"column":25},"end":{"line":19,"column":1}},"1":{"start":{"line":30,"column":8},"end":{"line":30,"column":27}},"2":{"start":{"line":31,"column":8},"end":{"line":31,"column":33}},"3":{"start":{"line":32,"column":8},"end":{"line":32,"column":59}},"4":{"start":{"line":33,"column":8},"end":{"line":33,"column":33}},"5":{"start":{"line":34,"column":8},"end":{"line":34,"column":24}},"6":{"start":{"line":35,"column":8},"end":{"line":35,"column":23}},"7":{"start":{"line":36,"column":8},"end":{"line":36,"column":34}},"8":{"start":{"line":37,"column":8},"end":{"line":37,"column":35}},"9":{"start":{"line":40,"column":8},"end":{"line":40,"column":23}},"10":{"start":{"line":41,"column":8},"end":{"line":52,"column":11}},"11":{"start":{"line":53,"column":8},"end":{"line":55,"column":9}},"12":{"start":{"line":54,"column":12},"end":{"line":54,"column":97}},"13":{"start":{"line":58,"column":8},"end":{"line":91,"column":10}},"14":{"start":{"line":60,"column":40},"end":{"line":60,"column":55}},"15":{"start":{"line":62,"column":16},"end":{"line":89,"column":17}},"16":{"start":{"line":63,"column":20},"end":{"line":85,"column":21}},"17":{"start":{"line":65,"column":34},"end":{"line":65,"column":62}},"18":{"start":{"line":66,"column":38},"end":{"line":66,"column":61}},"19":{"start":{"line":67,"column":24},"end":{"line":67,"column":104}},"20":{"start":{"line":68,"column":24},"end":{"line":68,"column":45}},"21":{"start":{"line":69,"column":38},"end":{"line":69,"column":63}},"22":{"start":{"line":70,"column":24},"end":{"line":78,"column":27}},"23":{"start":{"line":77,"column":50},"end":{"line":77,"column":54}},"24":{"start":{"line":80,"column":24},"end":{"line":80,"column":70}},"25":{"start":{"line":81,"column":24},"end":{"line":81,"column":40}},"26":{"start":{"line":83,"column":24},"end":{"line":83,"column":89}},"27":{"start":{"line":84,"column":24},"end":{"line":84,"column":53}},"28":{"start":{"line":88,"column":20},"end":{"line":88,"column":36}},"29":{"start":{"line":101,"column":8},"end":{"line":101,"column":89}},"30":{"start":{"line":106,"column":8},"end":{"line":112,"column":9}},"31":{"start":{"line":107,"column":12},"end":{"line":107,"column":79}},"32":{"start":{"line":108,"column":12},"end":{"line":108,"column":94}},"33":{"start":{"line":110,"column":12},"end":{"line":110,"column":65}},"34":{"start":{"line":111,"column":12},"end":{"line":111,"column":69}},"35":{"start":{"line":115,"column":23},"end":{"line":115,"column":89}},"36":{"start":{"line":116,"column":8},"end":{"line":118,"column":9}},"37":{"start":{"line":117,"column":12},"end":{"line":117,"column":80}},"38":{"start":{"line":119,"column":8},"end":{"line":124,"column":9}},"39":{"start":{"line":120,"column":12},"end":{"line":120,"column":54}},"40":{"start":{"line":121,"column":12},"end":{"line":121,"column":95}},"41":{"start":{"line":123,"column":12},"end":{"line":123,"column":75}},"42":{"start":{"line":127,"column":20},"end":{"line":127,"column":65}},"43":{"start":{"line":128,"column":8},"end":{"line":130,"column":9}},"44":{"start":{"line":129,"column":12},"end":{"line":129,"column":83}},"45":{"start":{"line":131,"column":8},"end":{"line":131,"column":49}},"46":{"start":{"line":132,"column":8},"end":{"line":132,"column":83}},"47":{"start":{"line":143,"column":24},"end":{"line":146,"column":9}},"48":{"start":{"line":149,"column":8},"end":{"line":154,"column":9}},"49":{"start":{"line":150,"column":12},"end":{"line":150,"column":63}},"50":{"start":{"line":152,"column":12},"end":{"line":152,"column":61}},"51":{"start":{"line":153,"column":12},"end":{"line":153,"column":24}},"52":{"start":{"line":155,"column":21},"end":{"line":155,"column":42}},"53":{"start":{"line":156,"column":28},"end":{"line":156,"column":60}},"54":{"start":{"line":159,"column":8},"end":{"line":173,"column":9}},"55":{"start":{"line":160,"column":12},"end":{"line":160,"column":81}},"56":{"start":{"line":161,"column":15},"end":{"line":173,"column":9}},"57":{"start":{"line":162,"column":12},"end":{"line":162,"column":49}},"58":{"start":{"line":166,"column":26},"end":{"line":166,"column":38}},"59":{"start":{"line":167,"column":12},"end":{"line":171,"column":13}},"60":{"start":{"line":168,"column":16},"end":{"line":168,"column":66}},"61":{"start":{"line":170,"column":16},"end":{"line":170,"column":32}},"62":{"start":{"line":172,"column":12},"end":{"line":172,"column":54}},"63":{"start":{"line":174,"column":8},"end":{"line":174,"column":68}},"64":{"start":{"line":186,"column":24},"end":{"line":189,"column":9}},"65":{"start":{"line":192,"column":8},"end":{"line":197,"column":9}},"66":{"start":{"line":193,"column":12},"end":{"line":193,"column":63}},"67":{"start":{"line":195,"column":12},"end":{"line":195,"column":69}},"68":{"start":{"line":196,"column":12},"end":{"line":196,"column":24}},"69":{"start":{"line":198,"column":21},"end":{"line":198,"column":42}},"70":{"start":{"line":199,"column":28},"end":{"line":199,"column":60}},"71":{"start":{"line":202,"column":22},"end":{"line":202,"column":34}},"72":{"start":{"line":203,"column":8},"end":{"line":203,"column":69}},"73":{"start":{"line":204,"column":8},"end":{"line":204,"column":45}},"74":{"start":{"line":209,"column":22},"end":{"line":209,"column":36}},"75":{"start":{"line":210,"column":8},"end":{"line":212,"column":9}},"76":{"start":{"line":211,"column":12},"end":{"line":211,"column":62}},"77":{"start":{"line":213,"column":20},"end":{"line":213,"column":37}},"78":{"start":{"line":214,"column":24},"end":{"line":218,"column":9}},"79":{"start":{"line":219,"column":8},"end":{"line":221,"column":9}},"80":{"start":{"line":220,"column":12},"end":{"line":220,"column":39}},"81":{"start":{"line":222,"column":21},"end":{"line":222,"column":65}},"82":{"start":{"line":223,"column":25},"end":{"line":223,"column":70}},"83":{"start":{"line":225,"column":8},"end":{"line":229,"column":9}},"84":{"start":{"line":226,"column":12},"end":{"line":228,"column":14}},"85":{"start":{"line":230,"column":8},"end":{"line":230,"column":24}},"86":{"start":{"line":234,"column":22},"end":{"line":234,"column":36}},"87":{"start":{"line":235,"column":8},"end":{"line":237,"column":9}},"88":{"start":{"line":236,"column":12},"end":{"line":236,"column":62}},"89":{"start":{"line":238,"column":32},"end":{"line":238,"column":72}},"90":{"start":{"line":239,"column":8},"end":{"line":241,"column":9}},"91":{"start":{"line":240,"column":12},"end":{"line":240,"column":77}},"92":{"start":{"line":242,"column":24},"end":{"line":246,"column":9}},"93":{"start":{"line":248,"column":21},"end":{"line":248,"column":65}},"94":{"start":{"line":249,"column":23},"end":{"line":249,"column":27}},"95":{"start":{"line":250,"column":8},"end":{"line":258,"column":9}},"96":{"start":{"line":251,"column":12},"end":{"line":251,"column":82}},"97":{"start":{"line":252,"column":12},"end":{"line":254,"column":13}},"98":{"start":{"line":253,"column":16},"end":{"line":253,"column":107}},"99":{"start":{"line":256,"column":12},"end":{"line":256,"column":61}},"100":{"start":{"line":257,"column":12},"end":{"line":257,"column":24}},"101":{"start":{"line":259,"column":25},"end":{"line":259,"column":50}},"102":{"start":{"line":260,"column":8},"end":{"line":260,"column":52}},"103":{"start":{"line":261,"column":8},"end":{"line":261,"column":24}},"104":{"start":{"line":265,"column":22},"end":{"line":265,"column":36}},"105":{"start":{"line":266,"column":8},"end":{"line":268,"column":9}},"106":{"start":{"line":267,"column":12},"end":{"line":267,"column":62}},"107":{"start":{"line":269,"column":20},"end":{"line":269,"column":37}},"108":{"start":{"line":270,"column":24},"end":{"line":274,"column":9}},"109":{"start":{"line":273,"column":79},"end":{"line":273,"column":106}},"110":{"start":{"line":275,"column":8},"end":{"line":283,"column":9}},"111":{"start":{"line":276,"column":29},"end":{"line":276,"column":71}},"112":{"start":{"line":277,"column":12},"end":{"line":279,"column":13}},"113":{"start":{"line":278,"column":16},"end":{"line":278,"column":107}},"114":{"start":{"line":281,"column":12},"end":{"line":281,"column":61}},"115":{"start":{"line":282,"column":12},"end":{"line":282,"column":24}},"116":{"start":{"line":284,"column":8},"end":{"line":284,"column":25}},"117":{"start":{"line":288,"column":19},"end":{"line":288,"column":56}},"118":{"start":{"line":291,"column":18},"end":{"line":291,"column":20}},"119":{"start":{"line":292,"column":16},"end":{"line":292,"column":65}},"120":{"start":{"line":293,"column":2},"end":{"line":298,"column":3}},"121":{"start":{"line":294,"column":26},"end":{"line":294,"column":84}},"122":{"start":{"line":295,"column":18},"end":{"line":295,"column":30}},"123":{"start":{"line":296,"column":3},"end":{"line":296,"column":34}},"124":{"start":{"line":297,"column":3},"end":{"line":297,"column":61}},"125":{"start":{"line":299,"column":8},"end":{"line":299,"column":25}},"126":{"start":{"line":303,"column":26},"end":{"line":303,"column":60}},"127":{"start":{"line":304,"column":8},"end":{"line":306,"column":9}},"128":{"start":{"line":305,"column":12},"end":{"line":305,"column":77}},"129":{"start":{"line":307,"column":8},"end":{"line":307,"column":52}},"130":{"start":{"line":311,"column":24},"end":{"line":315,"column":9}},"131":{"start":{"line":317,"column":23},"end":{"line":317,"column":44}},"132":{"start":{"line":318,"column":8},"end":{"line":318,"column":70}},"133":{"start":{"line":318,"column":27},"end":{"line":318,"column":70}},"134":{"start":{"line":319,"column":8},"end":{"line":319,"column":70}},"135":{"start":{"line":319,"column":27},"end":{"line":319,"column":70}},"136":{"start":{"line":320,"column":8},"end":{"line":320,"column":67}},"137":{"start":{"line":320,"column":26},"end":{"line":320,"column":67}},"138":{"start":{"line":321,"column":8},"end":{"line":321,"column":73}},"139":{"start":{"line":321,"column":28},"end":{"line":321,"column":73}},"140":{"start":{"line":322,"column":8},"end":{"line":322,"column":46}},"141":{"start":{"line":324,"column":18},"end":{"line":324,"column":53}},"142":{"start":{"line":325,"column":23},"end":{"line":325,"column":62}},"143":{"start":{"line":326,"column":8},"end":{"line":328,"column":9}},"144":{"start":{"line":327,"column":12},"end":{"line":327,"column":102}},"145":{"start":{"line":329,"column":28},"end":{"line":329,"column":60}},"146":{"start":{"line":330,"column":22},"end":{"line":330,"column":34}},"147":{"start":{"line":331,"column":8},"end":{"line":335,"column":9}},"148":{"start":{"line":332,"column":12},"end":{"line":332,"column":62}},"149":{"start":{"line":334,"column":12},"end":{"line":334,"column":28}},"150":{"start":{"line":336,"column":23},"end":{"line":336,"column":79}},"151":{"start":{"line":337,"column":8},"end":{"line":345,"column":9}},"152":{"start":{"line":338,"column":12},"end":{"line":338,"column":68}},"153":{"start":{"line":339,"column":12},"end":{"line":343,"column":13}},"154":{"start":{"line":340,"column":16},"end":{"line":340,"column":66}},"155":{"start":{"line":342,"column":16},"end":{"line":342,"column":32}},"156":{"start":{"line":344,"column":12},"end":{"line":344,"column":79}},"157":{"start":{"line":347,"column":8},"end":{"line":347,"column":21}},"158":{"start":{"line":351,"column":8},"end":{"line":353,"column":9}},"159":{"start":{"line":352,"column":12},"end":{"line":352,"column":42}},"160":{"start":{"line":355,"column":24},"end":{"line":355,"column":59}},"161":{"start":{"line":356,"column":25},"end":{"line":356,"column":64}},"162":{"start":{"line":358,"column":8},"end":{"line":360,"column":9}},"163":{"start":{"line":359,"column":12},"end":{"line":359,"column":29}},"164":{"start":{"line":361,"column":32},"end":{"line":361,"column":75}},"165":{"start":{"line":362,"column":22},"end":{"line":362,"column":34}},"166":{"start":{"line":363,"column":8},"end":{"line":367,"column":9}},"167":{"start":{"line":364,"column":12},"end":{"line":364,"column":62}},"168":{"start":{"line":366,"column":12},"end":{"line":366,"column":28}},"169":{"start":{"line":368,"column":21},"end":{"line":372,"column":16}},"170":{"start":{"line":374,"column":8},"end":{"line":377,"column":9}},"171":{"start":{"line":375,"column":12},"end":{"line":375,"column":41}},"172":{"start":{"line":376,"column":12},"end":{"line":376,"column":24}},"173":{"start":{"line":378,"column":8},"end":{"line":378,"column":25}},"174":{"start":{"line":382,"column":22},"end":{"line":389,"column":14}},"175":{"start":{"line":391,"column":24},"end":{"line":391,"column":54}},"176":{"start":{"line":392,"column":8},"end":{"line":394,"column":9}},"177":{"start":{"line":393,"column":12},"end":{"line":393,"column":77}},"178":{"start":{"line":395,"column":8},"end":{"line":395,"column":35}},"179":{"start":{"line":399,"column":22},"end":{"line":406,"column":14}},"180":{"start":{"line":408,"column":24},"end":{"line":408,"column":62}},"181":{"start":{"line":409,"column":8},"end":{"line":411,"column":9}},"182":{"start":{"line":410,"column":12},"end":{"line":410,"column":77}},"183":{"start":{"line":412,"column":8},"end":{"line":412,"column":38}}},"fnMap":{"0":{"name":"(anonymous_0)","decl":{"start":{"line":29,"column":4},"end":{"line":29,"column":5}},"loc":{"start":{"line":29,"column":62},"end":{"line":92,"column":5}},"line":29},"1":{"name":"(anonymous_1)","decl":{"start":{"line":59,"column":12},"end":{"line":59,"column":13}},"loc":{"start":{"line":59,"column":30},"end":{"line":90,"column":13}},"line":59},"2":{"name":"(anonymous_2)","decl":{"start":{"line":77,"column":44},"end":{"line":77,"column":45}},"loc":{"start":{"line":77,"column":50},"end":{"line":77,"column":54}},"line":77},"3":{"name":"(anonymous_3)","decl":{"start":{"line":100,"column":4},"end":{"line":100,"column":5}},"loc":{"start":{"line":100,"column":62},"end":{"line":133,"column":5}},"line":100},"4":{"name":"(anonymous_4)","decl":{"start":{"line":142,"column":4},"end":{"line":142,"column":5}},"loc":{"start":{"line":142,"column":81},"end":{"line":175,"column":5}},"line":142},"5":{"name":"(anonymous_5)","decl":{"start":{"line":185,"column":4},"end":{"line":185,"column":5}},"loc":{"start":{"line":185,"column":99},"end":{"line":205,"column":5}},"line":185},"6":{"name":"(anonymous_6)","decl":{"start":{"line":208,"column":4},"end":{"line":208,"column":5}},"loc":{"start":{"line":208,"column":67},"end":{"line":231,"column":5}},"line":208},"7":{"name":"(anonymous_7)","decl":{"start":{"line":233,"column":4},"end":{"line":233,"column":5}},"loc":{"start":{"line":233,"column":71},"end":{"line":262,"column":5}},"line":233},"8":{"name":"(anonymous_8)","decl":{"start":{"line":264,"column":4},"end":{"line":264,"column":5}},"loc":{"start":{"line":264,"column":57},"end":{"line":285,"column":5}},"line":264},"9":{"name":"(anonymous_9)","decl":{"start":{"line":273,"column":69},"end":{"line":273,"column":70}},"loc":{"start":{"line":273,"column":79},"end":{"line":273,"column":106}},"line":273},"10":{"name":"(anonymous_10)","decl":{"start":{"line":287,"column":4},"end":{"line":287,"column":5}},"loc":{"start":{"line":287,"column":46},"end":{"line":300,"column":5}},"line":287},"11":{"name":"(anonymous_11)","decl":{"start":{"line":302,"column":4},"end":{"line":302,"column":5}},"loc":{"start":{"line":302,"column":37},"end":{"line":308,"column":5}},"line":302},"12":{"name":"(anonymous_12)","decl":{"start":{"line":310,"column":4},"end":{"line":310,"column":5}},"loc":{"start":{"line":310,"column":42},"end":{"line":348,"column":5}},"line":310},"13":{"name":"(anonymous_13)","decl":{"start":{"line":350,"column":4},"end":{"line":350,"column":5}},"loc":{"start":{"line":350,"column":24},"end":{"line":379,"column":5}},"line":350},"14":{"name":"(anonymous_14)","decl":{"start":{"line":381,"column":4},"end":{"line":381,"column":5}},"loc":{"start":{"line":381,"column":37},"end":{"line":396,"column":5}},"line":381},"15":{"name":"(anonymous_15)","decl":{"start":{"line":398,"column":4},"end":{"line":398,"column":5}},"loc":{"start":{"line":398,"column":43},"end":{"line":413,"column":5}},"line":398}},"branchMap":{"0":{"loc":{"start":{"line":29,"column":32},"end":{"line":29,"column":60}},"type":"default-arg","locations":[{"start":{"line":29,"column":56},"end":{"line":29,"column":60}}],"line":29},"1":{"loc":{"start":{"line":53,"column":8},"end":{"line":55,"column":9}},"type":"if","locations":[{"start":{"line":53,"column":8},"end":{"line":55,"column":9}},{"start":{},"end":{}}],"line":53},"2":{"loc":{"start":{"line":62,"column":16},"end":{"line":89,"column":17}},"type":"if","locations":[{"start":{"line":62,"column":16},"end":{"line":89,"column":17}},{"start":{"line":86,"column":23},"end":{"line":89,"column":17}}],"line":62},"3":{"loc":{"start":{"line":67,"column":39},"end":{"line":67,"column":103}},"type":"cond-expr","locations":[{"start":{"line":67,"column":50},"end":{"line":67,"column":81}},{"start":{"line":67,"column":84},"end":{"line":67,"column":103}}],"line":67},"4":{"loc":{"start":{"line":100,"column":47},"end":{"line":100,"column":60}},"type":"default-arg","locations":[{"start":{"line":100,"column":56},"end":{"line":100,"column":60}}],"line":100},"5":{"loc":{"start":{"line":101,"column":24},"end":{"line":101,"column":88}},"type":"cond-expr","locations":[{"start":{"line":101,"column":52},"end":{"line":101,"column":75}},{"start":{"line":101,"column":78},"end":{"line":101,"column":88}}],"line":101},"6":{"loc":{"start":{"line":116,"column":8},"end":{"line":118,"column":9}},"type":"if","locations":[{"start":{"line":116,"column":8},"end":{"line":118,"column":9}},{"start":{},"end":{}}],"line":116},"7":{"loc":{"start":{"line":128,"column":8},"end":{"line":130,"column":9}},"type":"if","locations":[{"start":{"line":128,"column":8},"end":{"line":130,"column":9}},{"start":{},"end":{}}],"line":128},"8":{"loc":{"start":{"line":142,"column":27},"end":{"line":142,"column":47}},"type":"default-arg","locations":[{"start":{"line":142,"column":42},"end":{"line":142,"column":47}}],"line":142},"9":{"loc":{"start":{"line":142,"column":49},"end":{"line":142,"column":79}},"type":"default-arg","locations":[{"start":{"line":142,"column":58},"end":{"line":142,"column":79}}],"line":142},"10":{"loc":{"start":{"line":159,"column":8},"end":{"line":173,"column":9}},"type":"if","locations":[{"start":{"line":159,"column":8},"end":{"line":173,"column":9}},{"start":{"line":161,"column":15},"end":{"line":173,"column":9}}],"line":159},"11":{"loc":{"start":{"line":159,"column":12},"end":{"line":159,"column":87}},"type":"binary-expr","locations":[{"start":{"line":159,"column":12},"end":{"line":159,"column":44}},{"start":{"line":159,"column":48},"end":{"line":159,"column":87}}],"line":159},"12":{"loc":{"start":{"line":161,"column":15},"end":{"line":173,"column":9}},"type":"if","locations":[{"start":{"line":161,"column":15},"end":{"line":173,"column":9}},{"start":{"line":163,"column":15},"end":{"line":173,"column":9}}],"line":161},"13":{"loc":{"start":{"line":185,"column":34},"end":{"line":185,"column":54}},"type":"default-arg","locations":[{"start":{"line":185,"column":49},"end":{"line":185,"column":54}}],"line":185},"14":{"loc":{"start":{"line":185,"column":56},"end":{"line":185,"column":97}},"type":"default-arg","locations":[{"start":{"line":185,"column":65},"end":{"line":185,"column":97}}],"line":185},"15":{"loc":{"start":{"line":208,"column":32},"end":{"line":208,"column":43}},"type":"default-arg","locations":[{"start":{"line":208,"column":39},"end":{"line":208,"column":43}}],"line":208},"16":{"loc":{"start":{"line":208,"column":45},"end":{"line":208,"column":65}},"type":"default-arg","locations":[{"start":{"line":208,"column":60},"end":{"line":208,"column":65}}],"line":208},"17":{"loc":{"start":{"line":210,"column":8},"end":{"line":212,"column":9}},"type":"if","locations":[{"start":{"line":210,"column":8},"end":{"line":212,"column":9}},{"start":{},"end":{}}],"line":210},"18":{"loc":{"start":{"line":219,"column":8},"end":{"line":221,"column":9}},"type":"if","locations":[{"start":{"line":219,"column":8},"end":{"line":221,"column":9}},{"start":{},"end":{}}],"line":219},"19":{"loc":{"start":{"line":225,"column":8},"end":{"line":229,"column":9}},"type":"if","locations":[{"start":{"line":225,"column":8},"end":{"line":229,"column":9}},{"start":{},"end":{}}],"line":225},"20":{"loc":{"start":{"line":225,"column":12},"end":{"line":225,"column":62}},"type":"binary-expr","locations":[{"start":{"line":225,"column":12},"end":{"line":225,"column":35}},{"start":{"line":225,"column":39},"end":{"line":225,"column":62}}],"line":225},"21":{"loc":{"start":{"line":233,"column":49},"end":{"line":233,"column":69}},"type":"default-arg","locations":[{"start":{"line":233,"column":64},"end":{"line":233,"column":69}}],"line":233},"22":{"loc":{"start":{"line":235,"column":8},"end":{"line":237,"column":9}},"type":"if","locations":[{"start":{"line":235,"column":8},"end":{"line":237,"column":9}},{"start":{},"end":{}}],"line":235},"23":{"loc":{"start":{"line":239,"column":8},"end":{"line":241,"column":9}},"type":"if","locations":[{"start":{"line":239,"column":8},"end":{"line":241,"column":9}},{"start":{},"end":{}}],"line":239},"24":{"loc":{"start":{"line":252,"column":12},"end":{"line":254,"column":13}},"type":"if","locations":[{"start":{"line":252,"column":12},"end":{"line":254,"column":13}},{"start":{},"end":{}}],"line":252},"25":{"loc":{"start":{"line":252,"column":16},"end":{"line":252,"column":66}},"type":"binary-expr","locations":[{"start":{"line":252,"column":16},"end":{"line":252,"column":39}},{"start":{"line":252,"column":43},"end":{"line":252,"column":66}}],"line":252},"26":{"loc":{"start":{"line":264,"column":35},"end":{"line":264,"column":55}},"type":"default-arg","locations":[{"start":{"line":264,"column":50},"end":{"line":264,"column":55}}],"line":264},"27":{"loc":{"start":{"line":266,"column":8},"end":{"line":268,"column":9}},"type":"if","locations":[{"start":{"line":266,"column":8},"end":{"line":268,"column":9}},{"start":{},"end":{}}],"line":266},"28":{"loc":{"start":{"line":277,"column":12},"end":{"line":279,"column":13}},"type":"if","locations":[{"start":{"line":277,"column":12},"end":{"line":279,"column":13}},{"start":{},"end":{}}],"line":277},"29":{"loc":{"start":{"line":277,"column":16},"end":{"line":277,"column":66}},"type":"binary-expr","locations":[{"start":{"line":277,"column":16},"end":{"line":277,"column":39}},{"start":{"line":277,"column":43},"end":{"line":277,"column":66}}],"line":277},"30":{"loc":{"start":{"line":304,"column":8},"end":{"line":306,"column":9}},"type":"if","locations":[{"start":{"line":304,"column":8},"end":{"line":306,"column":9}},{"start":{},"end":{}}],"line":304},"31":{"loc":{"start":{"line":318,"column":8},"end":{"line":318,"column":70}},"type":"if","locations":[{"start":{"line":318,"column":8},"end":{"line":318,"column":70}},{"start":{},"end":{}}],"line":318},"32":{"loc":{"start":{"line":319,"column":8},"end":{"line":319,"column":70}},"type":"if","locations":[{"start":{"line":319,"column":8},"end":{"line":319,"column":70}},{"start":{},"end":{}}],"line":319},"33":{"loc":{"start":{"line":320,"column":8},"end":{"line":320,"column":67}},"type":"if","locations":[{"start":{"line":320,"column":8},"end":{"line":320,"column":67}},{"start":{},"end":{}}],"line":320},"34":{"loc":{"start":{"line":321,"column":8},"end":{"line":321,"column":73}},"type":"if","locations":[{"start":{"line":321,"column":8},"end":{"line":321,"column":73}},{"start":{},"end":{}}],"line":321},"35":{"loc":{"start":{"line":326,"column":8},"end":{"line":328,"column":9}},"type":"if","locations":[{"start":{"line":326,"column":8},"end":{"line":328,"column":9}},{"start":{},"end":{}}],"line":326},"36":{"loc":{"start":{"line":351,"column":8},"end":{"line":353,"column":9}},"type":"if","locations":[{"start":{"line":351,"column":8},"end":{"line":353,"column":9}},{"start":{},"end":{}}],"line":351},"37":{"loc":{"start":{"line":358,"column":8},"end":{"line":360,"column":9}},"type":"if","locations":[{"start":{"line":358,"column":8},"end":{"line":360,"column":9}},{"start":{},"end":{}}],"line":358},"38":{"loc":{"start":{"line":361,"column":32},"end":{"line":361,"column":75}},"type":"binary-expr","locations":[{"start":{"line":361,"column":32},"end":{"line":361,"column":68}},{"start":{"line":361,"column":72},"end":{"line":361,"column":75}}],"line":361},"39":{"loc":{"start":{"line":374,"column":8},"end":{"line":377,"column":9}},"type":"if","locations":[{"start":{"line":374,"column":8},"end":{"line":377,"column":9}},{"start":{},"end":{}}],"line":374},"40":{"loc":{"start":{"line":392,"column":8},"end":{"line":394,"column":9}},"type":"if","locations":[{"start":{"line":392,"column":8},"end":{"line":394,"column":9}},{"start":{},"end":{}}],"line":392},"41":{"loc":{"start":{"line":409,"column":8},"end":{"line":411,"column":9}},"type":"if","locations":[{"start":{"line":409,"column":8},"end":{"line":411,"column":9}},{"start":{},"end":{}}],"line":409}},"s":{"0":1,"1":1,"2":1,"3":1,"4":1,"5":1,"6":1,"7":1,"8":1,"9":1,"10":1,"11":1,"12":0,"13":1,"14":6,"15":6,"16":1,"17":1,"18":1,"19":1,"20":1,"21":1,"22":1,"23":1,"24":1,"25":1,"26":0,"27":0,"28":5,"29":1,"30":1,"31":1,"32":1,"33":0,"34":0,"35":1,"36":1,"37":0,"38":1,"39":1,"40":1,"41":0,"42":1,"43":1,"44":0,"45":1,"46":1,"47":4,"48":4,"49":4,"50":0,"51":0,"52":4,"53":4,"54":4,"55":0,"56":4,"57":0,"58":4,"59":4,"60":4,"61":0,"62":4,"63":0,"64":0,"65":0,"66":0,"67":0,"68":0,"69":0,"70":0,"71":0,"72":0,"73":0,"74":0,"75":0,"76":0,"77":0,"78":0,"79":0,"80":0,"81":0,"82":0,"83":0,"84":0,"85":0,"86":0,"87":0,"88":0,"89":0,"90":0,"91":0,"92":0,"93":0,"94":0,"95":0,"96":0,"97":0,"98":0,"99":0,"100":0,"101":0,"102":0,"103":0,"104":0,"105":0,"106":0,"107":0,"108":0,"109":0,"110":0,"111":0,"112":0,"113":0,"114":0,"115":0,"116":0,"117":0,"118":0,"119":0,"120":0,"121":0,"122":0,"123":0,"124":0,"125":0,"126":0,"127":0,"128":0,"129":0,"130":0,"131":0,"132":0,"133":0,"134":0,"135":0,"136":0,"137":0,"138":0,"139":0,"140":0,"141":0,"142":0,"143":0,"144":0,"145":0,"146":0,"147":0,"148":0,"149":0,"150":0,"151":0,"152":0,"153":0,"154":0,"155":0,"156":0,"157":0,"158":0,"159":0,"160":0,"161":0,"162":0,"163":0,"164":0,"165":0,"166":0,"167":0,"168":0,"169":0,"170":0,"171":0,"172":0,"173":0,"174":0,"175":0,"176":0,"177":0,"178":0,"179":0,"180":0,"181":0,"182":0,"183":0},"f":{"0":1,"1":6,"2":1,"3":1,"4":4,"5":0,"6":0,"7":0,"8":0,"9":0,"10":0,"11":0,"12":0,"13":0,"14":0,"15":0},"b":{"0":[1],"1":[0,1],"2":[1,5],"3":[1,0],"4":[0],"5":[0,1],"6":[0,1],"7":[0,1],"8":[4],"9":[4],"10":[0,4],"11":[4,4],"12":[0,4],"13":[0],"14":[0],"15":[0],"16":[0],"17":[0,0],"18":[0,0],"19":[0,0],"20":[0,0],"21":[0],"22":[0,0],"23":[0,0],"24":[0,0],"25":[0,0],"26":[0],"27":[0,0],"28":[0,0],"29":[0,0],"30":[0,0],"31":[0,0],"32":[0,0],"33":[0,0],"34":[0,0],"35":[0,0],"36":[0,0],"37":[0,0],"38":[0,0],"39":[0,0],"40":[0,0],"41":[0,0]},"_coverageSchema":"1a1c01bbd47fc00a2c39e90264f33305004495a9","hash":"69f9c5c552862d7a838bfb317156f509c25b824a"}
,"/Users/jamsden/Developer/OSLC/oslc4js/oslc-client/OSLCResource.js": {"path":"/Users/jamsden/Developer/OSLC/oslc4js/oslc-client/OSLCResource.js","statementMap":{"0":{"start":{"line":41,"column":4},"end":{"line":50,"column":5}},"1":{"start":{"line":42,"column":6},"end":{"line":42,"column":31}},"2":{"start":{"line":43,"column":6},"end":{"line":43,"column":25}},"3":{"start":{"line":44,"column":6},"end":{"line":44,"column":23}},"4":{"start":{"line":47,"column":6},"end":{"line":47,"column":34}},"5":{"start":{"line":48,"column":6},"end":{"line":48,"column":32}},"6":{"start":{"line":49,"column":6},"end":{"line":49,"column":28}},"7":{"start":{"line":54,"column":4},"end":{"line":54,"column":26}},"8":{"start":{"line":67,"column":12},"end":{"line":67,"column":78}},"9":{"start":{"line":68,"column":17},"end":{"line":68,"column":45}},"10":{"start":{"line":69,"column":4},"end":{"line":75,"column":5}},"11":{"start":{"line":70,"column":6},"end":{"line":70,"column":29}},"12":{"start":{"line":71,"column":11},"end":{"line":75,"column":5}},"13":{"start":{"line":72,"column":6},"end":{"line":72,"column":40}},"14":{"start":{"line":72,"column":31},"end":{"line":72,"column":38}},"15":{"start":{"line":74,"column":6},"end":{"line":74,"column":23}},"16":{"start":{"line":91,"column":4},"end":{"line":91,"column":43}},"17":{"start":{"line":100,"column":17},"end":{"line":100,"column":43}},"18":{"start":{"line":101,"column":4},"end":{"line":101,"column":54}},"19":{"start":{"line":105,"column":4},"end":{"line":105,"column":40}},"20":{"start":{"line":114,"column":17},"end":{"line":114,"column":49}},"21":{"start":{"line":115,"column":4},"end":{"line":115,"column":54}},"22":{"start":{"line":124,"column":4},"end":{"line":124,"column":52}},"23":{"start":{"line":133,"column":4},"end":{"line":133,"column":58}},"24":{"start":{"line":152,"column":12},"end":{"line":152,"column":78}},"25":{"start":{"line":153,"column":18},"end":{"line":153,"column":26}},"26":{"start":{"line":154,"column":4},"end":{"line":154,"column":76}},"27":{"start":{"line":155,"column":4},"end":{"line":155,"column":44}},"28":{"start":{"line":155,"column":37},"end":{"line":155,"column":44}},"29":{"start":{"line":156,"column":4},"end":{"line":162,"column":5}},"30":{"start":{"line":157,"column":6},"end":{"line":159,"column":7}},"31":{"start":{"line":157,"column":19},"end":{"line":157,"column":20}},"32":{"start":{"line":158,"column":8},"end":{"line":158,"column":45}},"33":{"start":{"line":161,"column":6},"end":{"line":161,"column":40}},"34":{"start":{"line":169,"column":20},"end":{"line":169,"column":29}},"35":{"start":{"line":170,"column":21},"end":{"line":170,"column":82}},"36":{"start":{"line":171,"column":4},"end":{"line":174,"column":5}},"37":{"start":{"line":172,"column":6},"end":{"line":173,"column":49}},"38":{"start":{"line":173,"column":8},"end":{"line":173,"column":49}},"39":{"start":{"line":175,"column":4},"end":{"line":175,"column":21}},"40":{"start":{"line":182,"column":17},"end":{"line":182,"column":19}},"41":{"start":{"line":183,"column":21},"end":{"line":183,"column":82}},"42":{"start":{"line":184,"column":4},"end":{"line":195,"column":5}},"43":{"start":{"line":185,"column":6},"end":{"line":194,"column":7}},"44":{"start":{"line":186,"column":8},"end":{"line":190,"column":9}},"45":{"start":{"line":187,"column":10},"end":{"line":189,"column":12}},"46":{"start":{"line":191,"column":8},"end":{"line":191,"column":71}},"47":{"start":{"line":193,"column":8},"end":{"line":193,"column":67}},"48":{"start":{"line":196,"column":4},"end":{"line":196,"column":18}}},"fnMap":{"0":{"name":"(anonymous_0)","decl":{"start":{"line":40,"column":2},"end":{"line":40,"column":3}},"loc":{"start":{"line":40,"column":47},"end":{"line":51,"column":3}},"line":40},"1":{"name":"(anonymous_1)","decl":{"start":{"line":53,"column":2},"end":{"line":53,"column":3}},"loc":{"start":{"line":53,"column":11},"end":{"line":55,"column":3}},"line":53},"2":{"name":"(anonymous_2)","decl":{"start":{"line":66,"column":2},"end":{"line":66,"column":3}},"loc":{"start":{"line":66,"column":16},"end":{"line":76,"column":3}},"line":66},"3":{"name":"(anonymous_3)","decl":{"start":{"line":72,"column":24},"end":{"line":72,"column":25}},"loc":{"start":{"line":72,"column":31},"end":{"line":72,"column":38}},"line":72},"4":{"name":"(anonymous_4)","decl":{"start":{"line":90,"column":2},"end":{"line":90,"column":3}},"loc":{"start":{"line":90,"column":18},"end":{"line":92,"column":3}},"line":90},"5":{"name":"(anonymous_5)","decl":{"start":{"line":99,"column":2},"end":{"line":99,"column":3}},"loc":{"start":{"line":99,"column":13},"end":{"line":102,"column":3}},"line":99},"6":{"name":"(anonymous_6)","decl":{"start":{"line":104,"column":2},"end":{"line":104,"column":3}},"loc":{"start":{"line":104,"column":18},"end":{"line":106,"column":3}},"line":104},"7":{"name":"(anonymous_7)","decl":{"start":{"line":113,"column":2},"end":{"line":113,"column":3}},"loc":{"start":{"line":113,"column":19},"end":{"line":116,"column":3}},"line":113},"8":{"name":"(anonymous_8)","decl":{"start":{"line":123,"column":2},"end":{"line":123,"column":3}},"loc":{"start":{"line":123,"column":18},"end":{"line":125,"column":3}},"line":123},"9":{"name":"(anonymous_9)","decl":{"start":{"line":132,"column":2},"end":{"line":132,"column":3}},"loc":{"start":{"line":132,"column":24},"end":{"line":134,"column":3}},"line":132},"10":{"name":"(anonymous_10)","decl":{"start":{"line":150,"column":2},"end":{"line":150,"column":3}},"loc":{"start":{"line":150,"column":23},"end":{"line":163,"column":3}},"line":150},"11":{"name":"(anonymous_11)","decl":{"start":{"line":168,"column":2},"end":{"line":168,"column":3}},"loc":{"start":{"line":168,"column":17},"end":{"line":176,"column":3}},"line":168},"12":{"name":"(anonymous_12)","decl":{"start":{"line":181,"column":2},"end":{"line":181,"column":3}},"loc":{"start":{"line":181,"column":18},"end":{"line":197,"column":3}},"line":181}},"branchMap":{"0":{"loc":{"start":{"line":40,"column":14},"end":{"line":40,"column":22}},"type":"default-arg","locations":[{"start":{"line":40,"column":18},"end":{"line":40,"column":22}}],"line":40},"1":{"loc":{"start":{"line":40,"column":24},"end":{"line":40,"column":34}},"type":"default-arg","locations":[{"start":{"line":40,"column":30},"end":{"line":40,"column":34}}],"line":40},"2":{"loc":{"start":{"line":40,"column":36},"end":{"line":40,"column":45}},"type":"default-arg","locations":[{"start":{"line":40,"column":41},"end":{"line":40,"column":45}}],"line":40},"3":{"loc":{"start":{"line":41,"column":4},"end":{"line":50,"column":5}},"type":"if","locations":[{"start":{"line":41,"column":4},"end":{"line":50,"column":5}},{"start":{"line":45,"column":11},"end":{"line":50,"column":5}}],"line":41},"4":{"loc":{"start":{"line":67,"column":12},"end":{"line":67,"column":78}},"type":"cond-expr","locations":[{"start":{"line":67,"column":43},"end":{"line":67,"column":67}},{"start":{"line":67,"column":70},"end":{"line":67,"column":78}}],"line":67},"5":{"loc":{"start":{"line":69,"column":4},"end":{"line":75,"column":5}},"type":"if","locations":[{"start":{"line":69,"column":4},"end":{"line":75,"column":5}},{"start":{"line":71,"column":11},"end":{"line":75,"column":5}}],"line":69},"6":{"loc":{"start":{"line":71,"column":11},"end":{"line":75,"column":5}},"type":"if","locations":[{"start":{"line":71,"column":11},"end":{"line":75,"column":5}},{"start":{"line":73,"column":11},"end":{"line":75,"column":5}}],"line":71},"7":{"loc":{"start":{"line":101,"column":11},"end":{"line":101,"column":53}},"type":"cond-expr","locations":[{"start":{"line":101,"column":35},"end":{"line":101,"column":44}},{"start":{"line":101,"column":47},"end":{"line":101,"column":53}}],"line":101},"8":{"loc":{"start":{"line":115,"column":11},"end":{"line":115,"column":53}},"type":"cond-expr","locations":[{"start":{"line":115,"column":35},"end":{"line":115,"column":44}},{"start":{"line":115,"column":47},"end":{"line":115,"column":53}}],"line":115},"9":{"loc":{"start":{"line":152,"column":12},"end":{"line":152,"column":78}},"type":"cond-expr","locations":[{"start":{"line":152,"column":43},"end":{"line":152,"column":67}},{"start":{"line":152,"column":70},"end":{"line":152,"column":78}}],"line":152},"10":{"loc":{"start":{"line":155,"column":4},"end":{"line":155,"column":44}},"type":"if","locations":[{"start":{"line":155,"column":4},"end":{"line":155,"column":44}},{"start":{},"end":{}}],"line":155},"11":{"loc":{"start":{"line":156,"column":4},"end":{"line":162,"column":5}},"type":"if","locations":[{"start":{"line":156,"column":4},"end":{"line":162,"column":5}},{"start":{"line":160,"column":11},"end":{"line":162,"column":5}}],"line":156},"12":{"loc":{"start":{"line":172,"column":6},"end":{"line":173,"column":49}},"type":"if","locations":[{"start":{"line":172,"column":6},"end":{"line":173,"column":49}},{"start":{},"end":{}}],"line":172},"13":{"loc":{"start":{"line":185,"column":6},"end":{"line":194,"column":7}},"type":"if","locations":[{"start":{"line":185,"column":6},"end":{"line":194,"column":7}},{"start":{"line":192,"column":13},"end":{"line":194,"column":7}}],"line":185},"14":{"loc":{"start":{"line":186,"column":8},"end":{"line":190,"column":9}},"type":"if","locations":[{"start":{"line":186,"column":8},"end":{"line":190,"column":9}},{"start":{},"end":{}}],"line":186}},"s":{"0":7,"1":7,"2":7,"3":7,"4":0,"5":0,"6":0,"7":1,"8":1,"9":1,"10":1,"11":1,"12":0,"13":0,"14":0,"15":0,"16":0,"17":1,"18":1,"19":0,"20":0,"21":0,"22":0,"23":0,"24":0,"25":0,"26":0,"27":0,"28":0,"29":0,"30":0,"31":0,"32":0,"33":0,"34":0,"35":0,"36":0,"37":0,"38":0,"39":0,"40":0,"41":0,"42":0,"43":0,"44":0,"45":0,"46":0,"47":0,"48":0},"f":{"0":7,"1":1,"2":1,"3":0,"4":0,"5":1,"6":0,"7":0,"8":0,"9":0,"10":0,"11":0,"12":0},"b":{"0":[0],"1":[0],"2":[2],"3":[7,0],"4":[0,1],"5":[1,0],"6":[0,0],"7":[0,1],"8":[0,0],"9":[0,0],"10":[0,0],"11":[0,0],"12":[0,0],"13":[0,0],"14":[0,0]},"_coverageSchema":"1a1c01bbd47fc00a2c39e90264f33305004495a9","hash":"d71bc600e5f5b0ff0295ee822baf909997b05234"}
,"/Users/jamsden/Developer/OSLC/oslc4js/oslc-client/RootServices.js": {"path":"/Users/jamsden/Developer/OSLC/oslc4js/oslc-client/RootServices.js","statementMap":{"0":{"start":{"line":29,"column":2},"end":{"line":29,"column":25}},"1":{"start":{"line":45,"column":16},"end":{"line":45,"column":58}},"2":{"start":{"line":46,"column":2},"end":{"line":46,"column":21}}},"fnMap":{"0":{"name":"(anonymous_0)","decl":{"start":{"line":27,"column":1},"end":{"line":27,"column":2}},"loc":{"start":{"line":27,"column":41},"end":{"line":30,"column":2}},"line":27},"1":{"name":"(anonymous_1)","decl":{"start":{"line":44,"column":1},"end":{"line":44,"column":2}},"loc":{"start":{"line":44,"column":43},"end":{"line":47,"column":2}},"line":44}},"branchMap":{"0":{"loc":{"start":{"line":27,"column":25},"end":{"line":27,"column":39}},"type":"default-arg","locations":[{"start":{"line":27,"column":30},"end":{"line":27,"column":39}}],"line":27}},"s":{"0":1,"1":1,"2":1},"f":{"0":1,"1":1},"b":{"0":[0]},"_coverageSchema":"1a1c01bbd47fc00a2c39e90264f33305004495a9","hash":"c76a4e8d2917977c958c68eb7cdd616544d1b379"}
,"/Users/jamsden/Developer/OSLC/oslc4js/oslc-client/ServiceProvider.js": {"path":"/Users/jamsden/Developer/OSLC/oslc4js/oslc-client/ServiceProvider.js","statementMap":{"0":{"start":{"line":35,"column":2},"end":{"line":35,"column":25}},"1":{"start":{"line":45,"column":24},"end":{"line":45,"column":102}},"2":{"start":{"line":46,"column":17},"end":{"line":46,"column":59}},"3":{"start":{"line":47,"column":2},"end":{"line":54,"column":3}},"4":{"start":{"line":48,"column":27},"end":{"line":48,"column":76}},"5":{"start":{"line":49,"column":3},"end":{"line":53,"column":4}},"6":{"start":{"line":50,"column":4},"end":{"line":52,"column":5}},"7":{"start":{"line":51,"column":5},"end":{"line":51,"column":68}},"8":{"start":{"line":55,"column":2},"end":{"line":55,"column":13}},"9":{"start":{"line":66,"column":17},"end":{"line":66,"column":59}},"10":{"start":{"line":67,"column":2},"end":{"line":79,"column":3}},"11":{"start":{"line":68,"column":27},"end":{"line":68,"column":86}},"12":{"start":{"line":69,"column":3},"end":{"line":78,"column":4}},"13":{"start":{"line":70,"column":4},"end":{"line":77,"column":5}},"14":{"start":{"line":71,"column":17},"end":{"line":71,"column":90}},"15":{"start":{"line":72,"column":5},"end":{"line":74,"column":6}},"16":{"start":{"line":73,"column":6},"end":{"line":73,"column":130}},"17":{"start":{"line":73,"column":51},"end":{"line":73,"column":130}},"18":{"start":{"line":75,"column":11},"end":{"line":77,"column":5}},"19":{"start":{"line":76,"column":5},"end":{"line":76,"column":84}},"20":{"start":{"line":80,"column":2},"end":{"line":80,"column":13}}},"fnMap":{"0":{"name":"(anonymous_0)","decl":{"start":{"line":33,"column":1},"end":{"line":33,"column":2}},"loc":{"start":{"line":33,"column":41},"end":{"line":36,"column":2}},"line":33},"1":{"name":"(anonymous_1)","decl":{"start":{"line":44,"column":1},"end":{"line":44,"column":2}},"loc":{"start":{"line":44,"column":28},"end":{"line":56,"column":2}},"line":44},"2":{"name":"(anonymous_2)","decl":{"start":{"line":65,"column":1},"end":{"line":65,"column":2}},"loc":{"start":{"line":65,"column":34},"end":{"line":81,"column":2}},"line":65}},"branchMap":{"0":{"loc":{"start":{"line":33,"column":25},"end":{"line":33,"column":39}},"type":"default-arg","locations":[{"start":{"line":33,"column":30},"end":{"line":33,"column":39}}],"line":33},"1":{"loc":{"start":{"line":45,"column":24},"end":{"line":45,"column":102}},"type":"cond-expr","locations":[{"start":{"line":45,"column":60},"end":{"line":45,"column":88}},{"start":{"line":45,"column":90},"end":{"line":45,"column":102}}],"line":45},"2":{"loc":{"start":{"line":50,"column":4},"end":{"line":52,"column":5}},"type":"if","locations":[{"start":{"line":50,"column":4},"end":{"line":52,"column":5}},{"start":{},"end":{}}],"line":50},"3":{"loc":{"start":{"line":70,"column":4},"end":{"line":77,"column":5}},"type":"if","locations":[{"start":{"line":70,"column":4},"end":{"line":77,"column":5}},{"start":{"line":75,"column":11},"end":{"line":77,"column":5}}],"line":70},"4":{"loc":{"start":{"line":73,"column":6},"end":{"line":73,"column":130}},"type":"if","locations":[{"start":{"line":73,"column":6},"end":{"line":73,"column":130}},{"start":{},"end":{}}],"line":73},"5":{"loc":{"start":{"line":75,"column":11},"end":{"line":77,"column":5}},"type":"if","locations":[{"start":{"line":75,"column":11},"end":{"line":77,"column":5}},{"start":{},"end":{}}],"line":75}},"s":{"0":1,"1":1,"2":1,"3":1,"4":3,"5":3,"6":2,"7":0,"8":1,"9":1,"10":1,"11":1,"12":1,"13":1,"14":0,"15":0,"16":0,"17":0,"18":1,"19":1,"20":0},"f":{"0":1,"1":1,"2":1},"b":{"0":[0],"1":[0,1],"2":[0,2],"3":[0,1],"4":[0,0],"5":[1,0]},"_coverageSchema":"1a1c01bbd47fc00a2c39e90264f33305004495a9","hash":"df9338081cdf185047fa17baaf481c99be5fe211"}
,"/Users/jamsden/Developer/OSLC/oslc4js/oslc-client/ServiceProviderCatalog.js": {"path":"/Users/jamsden/Developer/OSLC/oslc4js/oslc-client/ServiceProviderCatalog.js","statementMap":{"0":{"start":{"line":32,"column":2},"end":{"line":32,"column":25}},"1":{"start":{"line":42,"column":11},"end":{"line":43,"column":78}},"2":{"start":{"line":44,"column":2},"end":{"line":48,"column":3}},"3":{"start":{"line":45,"column":3},"end":{"line":45,"column":20}},"4":{"start":{"line":47,"column":3},"end":{"line":47,"column":27}}},"fnMap":{"0":{"name":"(anonymous_0)","decl":{"start":{"line":30,"column":1},"end":{"line":30,"column":2}},"loc":{"start":{"line":30,"column":41},"end":{"line":33,"column":2}},"line":30},"1":{"name":"(anonymous_1)","decl":{"start":{"line":41,"column":1},"end":{"line":41,"column":2}},"loc":{"start":{"line":41,"column":39},"end":{"line":49,"column":2}},"line":41}},"branchMap":{"0":{"loc":{"start":{"line":30,"column":25},"end":{"line":30,"column":39}},"type":"default-arg","locations":[{"start":{"line":30,"column":30},"end":{"line":30,"column":39}}],"line":30},"1":{"loc":{"start":{"line":44,"column":2},"end":{"line":48,"column":3}},"type":"if","locations":[{"start":{"line":44,"column":2},"end":{"line":48,"column":3}},{"start":{"line":46,"column":9},"end":{"line":48,"column":3}}],"line":44}},"s":{"0":1,"1":1,"2":1,"3":0,"4":1},"f":{"0":1,"1":1},"b":{"0":[0],"1":[0,1]},"_coverageSchema":"1a1c01bbd47fc00a2c39e90264f33305004495a9","hash":"f02b9828854aedebda32f9d77162e1ca61eb31c6"}
,"/Users/jamsden/Developer/OSLC/oslc4js/oslc-client/namespaces.js": {"path":"/Users/jamsden/Developer/OSLC/oslc4js/oslc-client/namespaces.js","statementMap":{"0":{"start":{"line":22,"column":19},"end":{"line":22,"column":75}},"1":{"start":{"line":23,"column":20},"end":{"line":23,"column":70}},"2":{"start":{"line":24,"column":23},"end":{"line":24,"column":61}},"3":{"start":{"line":25,"column":20},"end":{"line":25,"column":59}},"4":{"start":{"line":26,"column":19},"end":{"line":26,"column":62}},"5":{"start":{"line":27,"column":20},"end":{"line":27,"column":66}},"6":{"start":{"line":28,"column":23},"end":{"line":28,"column":67}},"7":{"start":{"line":29,"column":23},"end":{"line":29,"column":68}},"8":{"start":{"line":30,"column":24},"end":{"line":30,"column":75}},"9":{"start":{"line":31,"column":22},"end":{"line":31,"column":78}},"10":{"start":{"line":32,"column":26},"end":{"line":32,"column":83}},"11":{"start":{"line":33,"column":23},"end":{"line":33,"column":80}},"12":{"start":{"line":34,"column":33},"end":{"line":34,"column":141}},"13":{"start":{"line":35,"column":38},"end":{"line":35,"column":150}},"14":{"start":{"line":36,"column":23},"end":{"line":36,"column":67}},"15":{"start":{"line":37,"column":22},"end":{"line":37,"column":61}},"16":{"start":{"line":38,"column":27},"end":{"line":38,"column":88}},"17":{"start":{"line":39,"column":24},"end":{"line":39,"column":75}},"18":{"start":{"line":40,"column":20},"end":{"line":40,"column":60}},"19":{"start":{"line":41,"column":19},"end":{"line":41,"column":75}},"20":{"start":{"line":42,"column":19},"end":{"line":42,"column":56}},"21":{"start":{"line":43,"column":19},"end":{"line":43,"column":87}},"22":{"start":{"line":44,"column":23},"end":{"line":44,"column":79}},"23":{"start":{"line":45,"column":18},"end":{"line":45,"column":77}}},"fnMap":{},"branchMap":{},"s":{"0":1,"1":1,"2":1,"3":1,"4":1,"5":1,"6":1,"7":1,"8":1,"9":1,"10":1,"11":1,"12":1,"13":1,"14":1,"15":1,"16":1,"17":1,"18":1,"19":1,"20":1,"21":1,"22":1,"23":1},"f":{},"b":{},"_coverageSchema":"1a1c01bbd47fc00a2c39e90264f33305004495a9","hash":"40a7818cdc97a9b584cadb201287b9461281209f"}
}
