TN:
SF:Compact.js
FN:30,(anonymous_0)
FN:34,(anonymous_1)
FN:38,(anonymous_2)
FN:42,(anonymous_3)
FN:46,(anonymous_4)
FN:50,(anonymous_5)
FN:62,(anonymous_6)
FNF:7
FNH:0
FNDA:0,(anonymous_0)
FNDA:0,(anonymous_1)
FNDA:0,(anonymous_2)
FNDA:0,(anonymous_3)
FNDA:0,(anonymous_4)
FNDA:0,(anonymous_5)
FNDA:0,(anonymous_6)
DA:31,0
DA:35,0
DA:39,0
DA:43,0
DA:47,0
DA:51,0
DA:52,0
DA:53,0
DA:54,0
DA:55,0
DA:63,0
DA:64,0
DA:65,0
DA:66,0
DA:67,0
LF:15
LH:0
BRDA:52,0,0,0
BRDA:52,0,1,0
BRDA:57,1,0,0
BRDA:57,1,1,0
BRDA:58,2,0,0
BRDA:58,2,1,0
BRDA:64,3,0,0
BRDA:64,3,1,0
BRDA:69,4,0,0
BRDA:69,4,1,0
BRDA:70,5,0,0
BRDA:70,5,1,0
BRF:12
BRH:0
end_of_record
TN:
SF:OSLCClient.js
FN:29,(anonymous_0)
FN:59,(anonymous_1)
FN:77,(anonymous_2)
FN:100,(anonymous_3)
FN:142,(anonymous_4)
FN:185,(anonymous_5)
FN:208,(anonymous_6)
FN:233,(anonymous_7)
FN:264,(anonymous_8)
FN:273,(anonymous_9)
FN:287,(anonymous_10)
FN:302,(anonymous_11)
FN:310,(anonymous_12)
FN:350,(anonymous_13)
FN:381,(anonymous_14)
FN:398,(anonymous_15)
FNF:16
FNH:5
FNDA:1,(anonymous_0)
FNDA:6,(anonymous_1)
FNDA:1,(anonymous_2)
FNDA:1,(anonymous_3)
FNDA:4,(anonymous_4)
FNDA:0,(anonymous_5)
FNDA:0,(anonymous_6)
FNDA:0,(anonymous_7)
FNDA:0,(anonymous_8)
FNDA:0,(anonymous_9)
FNDA:0,(anonymous_10)
FNDA:0,(anonymous_11)
FNDA:0,(anonymous_12)
FNDA:0,(anonymous_13)
FNDA:0,(anonymous_14)
FNDA:0,(anonymous_15)
DA:15,1
DA:30,1
DA:31,1
DA:32,1
DA:33,1
DA:34,1
DA:35,1
DA:36,1
DA:37,1
DA:40,1
DA:41,1
DA:53,1
DA:54,0
DA:58,1
DA:60,6
DA:62,6
DA:63,1
DA:65,1
DA:66,1
DA:67,1
DA:68,1
DA:69,1
DA:70,1
DA:77,1
DA:80,1
DA:81,1
DA:83,0
DA:84,0
DA:88,5
DA:101,1
DA:106,1
DA:107,1
DA:108,1
DA:110,0
DA:111,0
DA:115,1
DA:116,1
DA:117,0
DA:119,1
DA:120,1
DA:121,1
DA:123,0
DA:127,1
DA:128,1
DA:129,0
DA:131,1
DA:132,1
DA:143,4
DA:149,4
DA:150,4
DA:152,0
DA:153,0
DA:155,4
DA:156,4
DA:159,4
DA:160,0
DA:161,4
DA:162,0
DA:166,4
DA:167,4
DA:168,4
DA:170,0
DA:172,4
DA:174,0
DA:186,0
DA:192,0
DA:193,0
DA:195,0
DA:196,0
DA:198,0
DA:199,0
DA:202,0
DA:203,0
DA:204,0
DA:209,0
DA:210,0
DA:211,0
DA:213,0
DA:214,0
DA:219,0
DA:220,0
DA:222,0
DA:223,0
DA:225,0
DA:226,0
DA:230,0
DA:234,0
DA:235,0
DA:236,0
DA:238,0
DA:239,0
DA:240,0
DA:242,0
DA:248,0
DA:249,0
DA:250,0
DA:251,0
DA:252,0
DA:253,0
DA:256,0
DA:257,0
DA:259,0
DA:260,0
DA:261,0
DA:265,0
DA:266,0
DA:267,0
DA:269,0
DA:270,0
DA:273,0
DA:275,0
DA:276,0
DA:277,0
DA:278,0
DA:281,0
DA:282,0
DA:284,0
DA:288,0
DA:291,0
DA:292,0
DA:293,0
DA:294,0
DA:295,0
DA:296,0
DA:297,0
DA:299,0
DA:303,0
DA:304,0
DA:305,0
DA:307,0
DA:311,0
DA:317,0
DA:318,0
DA:319,0
DA:320,0
DA:321,0
DA:322,0
DA:324,0
DA:325,0
DA:326,0
DA:327,0
DA:329,0
DA:330,0
DA:331,0
DA:332,0
DA:334,0
DA:336,0
DA:337,0
DA:338,0
DA:339,0
DA:340,0
DA:342,0
DA:344,0
DA:347,0
DA:351,0
DA:352,0
DA:355,0
DA:356,0
DA:358,0
DA:359,0
DA:361,0
DA:362,0
DA:363,0
DA:364,0
DA:366,0
DA:368,0
DA:374,0
DA:375,0
DA:376,0
DA:378,0
DA:382,0
DA:391,0
DA:392,0
DA:393,0
DA:395,0
DA:399,0
DA:408,0
DA:409,0
DA:410,0
DA:412,0
LF:180
LH:50
BRDA:29,0,0,1
BRDA:53,1,0,0
BRDA:53,1,1,1
BRDA:62,2,0,1
BRDA:62,2,1,5
BRDA:67,3,0,1
BRDA:67,3,1,0
BRDA:100,4,0,0
BRDA:101,5,0,0
BRDA:101,5,1,1
BRDA:116,6,0,0
BRDA:116,6,1,1
BRDA:128,7,0,0
BRDA:128,7,1,1
BRDA:142,8,0,4
BRDA:142,9,0,4
BRDA:159,10,0,0
BRDA:159,10,1,4
BRDA:159,11,0,4
BRDA:159,11,1,4
BRDA:161,12,0,0
BRDA:161,12,1,4
BRDA:185,13,0,0
BRDA:185,14,0,0
BRDA:208,15,0,0
BRDA:208,16,0,0
BRDA:210,17,0,0
BRDA:210,17,1,0
BRDA:219,18,0,0
BRDA:219,18,1,0
BRDA:225,19,0,0
BRDA:225,19,1,0
BRDA:225,20,0,0
BRDA:225,20,1,0
BRDA:233,21,0,0
BRDA:235,22,0,0
BRDA:235,22,1,0
BRDA:239,23,0,0
BRDA:239,23,1,0
BRDA:252,24,0,0
BRDA:252,24,1,0
BRDA:252,25,0,0
BRDA:252,25,1,0
BRDA:264,26,0,0
BRDA:266,27,0,0
BRDA:266,27,1,0
BRDA:277,28,0,0
BRDA:277,28,1,0
BRDA:277,29,0,0
BRDA:277,29,1,0
BRDA:304,30,0,0
BRDA:304,30,1,0
BRDA:318,31,0,0
BRDA:318,31,1,0
BRDA:319,32,0,0
BRDA:319,32,1,0
BRDA:320,33,0,0
BRDA:320,33,1,0
BRDA:321,34,0,0
BRDA:321,34,1,0
BRDA:326,35,0,0
BRDA:326,35,1,0
BRDA:351,36,0,0
BRDA:351,36,1,0
BRDA:358,37,0,0
BRDA:358,37,1,0
BRDA:361,38,0,0
BRDA:361,38,1,0
BRDA:374,39,0,0
BRDA:374,39,1,0
BRDA:392,40,0,0
BRDA:392,40,1,0
BRDA:409,41,0,0
BRDA:409,41,1,0
BRF:74
BRH:14
end_of_record
TN:
SF:OSLCResource.js
FN:40,(anonymous_0)
FN:53,(anonymous_1)
FN:66,(anonymous_2)
FN:72,(anonymous_3)
FN:90,(anonymous_4)
FN:99,(anonymous_5)
FN:104,(anonymous_6)
FN:113,(anonymous_7)
FN:123,(anonymous_8)
FN:132,(anonymous_9)
FN:150,(anonymous_10)
FN:168,(anonymous_11)
FN:181,(anonymous_12)
FNF:13
FNH:4
FNDA:7,(anonymous_0)
FNDA:1,(anonymous_1)
FNDA:1,(anonymous_2)
FNDA:0,(anonymous_3)
FNDA:0,(anonymous_4)
FNDA:1,(anonymous_5)
FNDA:0,(anonymous_6)
FNDA:0,(anonymous_7)
FNDA:0,(anonymous_8)
FNDA:0,(anonymous_9)
FNDA:0,(anonymous_10)
FNDA:0,(anonymous_11)
FNDA:0,(anonymous_12)
DA:41,7
DA:42,7
DA:43,7
DA:44,7
DA:47,0
DA:48,0
DA:49,0
DA:54,1
DA:67,1
DA:68,1
DA:69,1
DA:70,1
DA:71,0
DA:72,0
DA:74,0
DA:91,0
DA:100,1
DA:101,1
DA:105,0
DA:114,0
DA:115,0
DA:124,0
DA:133,0
DA:152,0
DA:153,0
DA:154,0
DA:155,0
DA:156,0
DA:157,0
DA:158,0
DA:161,0
DA:169,0
DA:170,0
DA:171,0
DA:172,0
DA:173,0
DA:175,0
DA:182,0
DA:183,0
DA:184,0
DA:185,0
DA:186,0
DA:187,0
DA:191,0
DA:193,0
DA:196,0
LF:46
LH:11
BRDA:40,0,0,0
BRDA:40,1,0,0
BRDA:40,2,0,2
BRDA:41,3,0,7
BRDA:41,3,1,0
BRDA:67,4,0,0
BRDA:67,4,1,1
BRDA:69,5,0,1
BRDA:69,5,1,0
BRDA:71,6,0,0
BRDA:71,6,1,0
BRDA:101,7,0,0
BRDA:101,7,1,1
BRDA:115,8,0,0
BRDA:115,8,1,0
BRDA:152,9,0,0
BRDA:152,9,1,0
BRDA:155,10,0,0
BRDA:155,10,1,0
BRDA:156,11,0,0
BRDA:156,11,1,0
BRDA:172,12,0,0
BRDA:172,12,1,0
BRDA:185,13,0,0
BRDA:185,13,1,0
BRDA:186,14,0,0
BRDA:186,14,1,0
BRF:27
BRH:5
end_of_record
TN:
SF:RootServices.js
FN:27,(anonymous_0)
FN:44,(anonymous_1)
FNF:2
FNH:2
FNDA:1,(anonymous_0)
FNDA:1,(anonymous_1)
DA:29,1
DA:45,1
DA:46,1
LF:3
LH:3
BRDA:27,0,0,0
BRF:1
BRH:0
end_of_record
TN:
SF:ServiceProvider.js
FN:33,(anonymous_0)
FN:44,(anonymous_1)
FN:65,(anonymous_2)
FNF:3
FNH:3
FNDA:1,(anonymous_0)
FNDA:1,(anonymous_1)
FNDA:1,(anonymous_2)
DA:35,1
DA:45,1
DA:46,1
DA:47,1
DA:48,3
DA:49,3
DA:50,2
DA:51,0
DA:55,1
DA:66,1
DA:67,1
DA:68,1
DA:69,1
DA:70,1
DA:71,0
DA:72,0
DA:73,0
DA:75,1
DA:76,1
DA:80,0
LF:20
LH:15
BRDA:33,0,0,0
BRDA:45,1,0,0
BRDA:45,1,1,1
BRDA:50,2,0,0
BRDA:50,2,1,2
BRDA:70,3,0,0
BRDA:70,3,1,1
BRDA:73,4,0,0
BRDA:73,4,1,0
BRDA:75,5,0,1
BRDA:75,5,1,0
BRF:11
BRH:4
end_of_record
TN:
SF:ServiceProviderCatalog.js
FN:30,(anonymous_0)
FN:41,(anonymous_1)
FNF:2
FNH:2
FNDA:1,(anonymous_0)
FNDA:1,(anonymous_1)
DA:32,1
DA:42,1
DA:44,1
DA:45,0
DA:47,1
LF:5
LH:4
BRDA:30,0,0,0
BRDA:44,1,0,0
BRDA:44,1,1,1
BRF:3
BRH:1
end_of_record
TN:
SF:namespaces.js
FNF:0
FNH:0
DA:22,1
DA:23,1
DA:24,1
DA:25,1
DA:26,1
DA:27,1
DA:28,1
DA:29,1
DA:30,1
DA:31,1
DA:32,1
DA:33,1
DA:34,1
DA:35,1
DA:36,1
DA:37,1
DA:38,1
DA:39,1
DA:40,1
DA:41,1
DA:42,1
DA:43,1
DA:44,1
DA:45,1
LF:24
LH:24
BRF:0
BRH:0
end_of_record
