TN:
SF:OSLCClient.js
FN:27,(anonymous_0)
FN:60,(anonymous_1)
FN:93,(anonymous_2)
FN:133,(anonymous_3)
FN:169,(anonymous_4)
FN:191,(anonymous_5)
FN:213,(anonymous_6)
FN:218,(anonymous_7)
FN:247,(anonymous_8)
FN:276,(anonymous_9)
FN:293,(anonymous_10)
FN:310,(anonymous_11)
FN:311,(anonymous_12)
FN:312,(anonymous_13)
FNF:14
FNH:4
FNDA:1,(anonymous_0)
FNDA:1,(anonymous_1)
FNDA:1,(anonymous_2)
FNDA:4,(anonymous_3)
FNDA:0,(anonymous_4)
FNDA:0,(anonymous_5)
FNDA:0,(anonymous_6)
FNDA:0,(anonymous_7)
FNDA:0,(anonymous_8)
FNDA:0,(anonymous_9)
FNDA:0,(anonymous_10)
FNDA:0,(anonymous_11)
FNDA:0,(anonymous_12)
FNDA:0,(anonymous_13)
DA:14,1
DA:28,1
DA:29,1
DA:30,1
DA:31,1
DA:32,1
DA:33,1
DA:34,1
DA:35,1
DA:38,1
DA:39,1
DA:65,1
DA:67,1
DA:68,1
DA:71,1
DA:72,1
DA:74,0
DA:76,0
DA:78,0
DA:82,1
DA:84,1
DA:85,1
DA:93,1
DA:95,0
DA:100,0
DA:101,0
DA:105,1
DA:106,1
DA:107,0
DA:110,1
DA:111,1
DA:112,1
DA:114,0
DA:118,1
DA:119,1
DA:120,0
DA:122,1
DA:123,1
DA:134,4
DA:140,4
DA:141,4
DA:143,0
DA:144,0
DA:146,4
DA:147,4
DA:149,4
DA:150,0
DA:151,4
DA:152,0
DA:156,4
DA:157,4
DA:158,4
DA:160,0
DA:162,4
DA:165,0
DA:170,0
DA:171,0
DA:177,0
DA:178,0
DA:181,0
DA:182,0
DA:184,0
DA:185,0
DA:192,0
DA:193,0
DA:199,0
DA:200,0
DA:202,0
DA:203,0
DA:208,0
DA:209,0
DA:210,0
DA:214,0
DA:215,0
DA:219,0
DA:225,0
DA:226,0
DA:227,0
DA:228,0
DA:229,0
DA:230,0
DA:232,0
DA:233,0
DA:235,0
DA:237,0
DA:238,0
DA:239,0
DA:240,0
DA:241,0
DA:244,0
DA:248,0
DA:249,0
DA:252,0
DA:253,0
DA:255,0
DA:256,0
DA:259,0
DA:260,0
DA:262,0
DA:268,0
DA:269,0
DA:270,0
DA:273,0
DA:277,0
DA:286,0
DA:287,0
DA:288,0
DA:290,0
DA:294,0
DA:303,0
DA:304,0
DA:305,0
DA:307,0
DA:311,0
DA:312,0
DA:313,0
DA:314,0
LF:117
LH:40
BRDA:28,0,0,0
BRDA:28,0,1,1
BRDA:60,1,0,0
BRDA:74,2,0,0
BRDA:74,2,1,0
BRDA:82,3,0,1
BRDA:82,3,1,0
BRDA:95,4,0,0
BRDA:95,4,1,0
BRDA:106,5,0,0
BRDA:106,5,1,1
BRDA:119,6,0,0
BRDA:119,6,1,1
BRDA:133,7,0,4
BRDA:133,8,0,4
BRDA:149,9,0,0
BRDA:149,9,1,4
BRDA:149,10,0,4
BRDA:149,10,1,4
BRDA:151,11,0,0
BRDA:151,11,1,4
BRDA:169,12,0,0
BRDA:169,13,0,0
BRDA:177,14,0,0
BRDA:177,14,1,0
BRDA:184,15,0,0
BRDA:184,15,1,0
BRDA:184,16,0,0
BRDA:184,16,1,0
BRDA:191,17,0,0
BRDA:202,18,0,0
BRDA:202,18,1,0
BRDA:202,19,0,0
BRDA:202,19,1,0
BRDA:213,20,0,0
BRDA:213,21,0,0
BRDA:213,22,0,0
BRDA:213,23,0,0
BRDA:218,24,0,0
BRDA:218,25,0,0
BRDA:218,26,0,0
BRDA:218,27,0,0
BRDA:226,28,0,0
BRDA:226,28,1,0
BRDA:227,29,0,0
BRDA:227,29,1,0
BRDA:228,30,0,0
BRDA:228,30,1,0
BRDA:229,31,0,0
BRDA:229,31,1,0
BRDA:248,32,0,0
BRDA:248,32,1,0
BRDA:255,33,0,0
BRDA:255,33,1,0
BRDA:259,34,0,0
BRDA:259,34,1,0
BRDA:268,35,0,0
BRDA:268,35,1,0
BRDA:287,36,0,0
BRDA:287,36,1,0
BRDA:304,37,0,0
BRDA:304,37,1,0
BRDA:313,38,0,0
BRDA:313,38,1,0
BRF:64
BRH:10
end_of_record
TN:
SF:OSLCResource.js
FN:40,(anonymous_0)
FN:53,(anonymous_1)
FN:66,(anonymous_2)
FN:72,(anonymous_3)
FN:90,(anonymous_4)
FN:99,(anonymous_5)
FN:104,(anonymous_6)
FN:113,(anonymous_7)
FN:123,(anonymous_8)
FN:132,(anonymous_9)
FN:150,(anonymous_10)
FN:168,(anonymous_11)
FN:181,(anonymous_12)
FNF:13
FNH:4
FNDA:7,(anonymous_0)
FNDA:1,(anonymous_1)
FNDA:1,(anonymous_2)
FNDA:0,(anonymous_3)
FNDA:0,(anonymous_4)
FNDA:1,(anonymous_5)
FNDA:0,(anonymous_6)
FNDA:0,(anonymous_7)
FNDA:0,(anonymous_8)
FNDA:0,(anonymous_9)
FNDA:0,(anonymous_10)
FNDA:0,(anonymous_11)
FNDA:0,(anonymous_12)
DA:41,7
DA:42,7
DA:43,7
DA:44,7
DA:47,0
DA:48,0
DA:49,0
DA:54,1
DA:67,1
DA:68,1
DA:69,1
DA:70,1
DA:71,0
DA:72,0
DA:74,0
DA:91,0
DA:100,1
DA:101,1
DA:105,0
DA:114,0
DA:115,0
DA:124,0
DA:133,0
DA:152,0
DA:153,0
DA:154,0
DA:155,0
DA:156,0
DA:157,0
DA:158,0
DA:161,0
DA:169,0
DA:170,0
DA:171,0
DA:172,0
DA:173,0
DA:175,0
DA:182,0
DA:183,0
DA:184,0
DA:185,0
DA:186,0
DA:187,0
DA:191,0
DA:193,0
DA:196,0
LF:46
LH:11
BRDA:40,0,0,4
BRDA:41,1,0,7
BRDA:41,1,1,0
BRDA:67,2,0,0
BRDA:67,2,1,1
BRDA:69,3,0,1
BRDA:69,3,1,0
BRDA:71,4,0,0
BRDA:71,4,1,0
BRDA:101,5,0,0
BRDA:101,5,1,1
BRDA:115,6,0,0
BRDA:115,6,1,0
BRDA:152,7,0,0
BRDA:152,7,1,0
BRDA:155,8,0,0
BRDA:155,8,1,0
BRDA:156,9,0,0
BRDA:156,9,1,0
BRDA:172,10,0,0
BRDA:172,10,1,0
BRDA:185,11,0,0
BRDA:185,11,1,0
BRDA:186,12,0,0
BRDA:186,12,1,0
BRF:25
BRH:5
end_of_record
TN:
SF:RootServices.js
FN:27,(anonymous_0)
FN:44,(anonymous_1)
FNF:2
FNH:2
FNDA:1,(anonymous_0)
FNDA:1,(anonymous_1)
DA:29,1
DA:45,1
DA:46,1
LF:3
LH:3
BRDA:27,0,0,0
BRF:1
BRH:0
end_of_record
TN:
SF:ServiceProvider.js
FN:33,(anonymous_0)
FN:44,(anonymous_1)
FN:65,(anonymous_2)
FNF:3
FNH:3
FNDA:1,(anonymous_0)
FNDA:1,(anonymous_1)
FNDA:1,(anonymous_2)
DA:35,1
DA:45,1
DA:46,1
DA:47,1
DA:48,3
DA:49,3
DA:50,2
DA:51,0
DA:55,1
DA:66,1
DA:67,1
DA:68,1
DA:69,1
DA:70,1
DA:71,0
DA:72,0
DA:73,0
DA:75,1
DA:76,1
DA:80,0
LF:20
LH:15
BRDA:33,0,0,1
BRDA:45,1,0,0
BRDA:45,1,1,1
BRDA:50,2,0,0
BRDA:50,2,1,2
BRDA:70,3,0,0
BRDA:70,3,1,1
BRDA:73,4,0,0
BRDA:73,4,1,0
BRDA:75,5,0,1
BRDA:75,5,1,0
BRF:11
BRH:5
end_of_record
TN:
SF:ServiceProviderCatalog.js
FN:30,(anonymous_0)
FN:41,(anonymous_1)
FNF:2
FNH:2
FNDA:1,(anonymous_0)
FNDA:1,(anonymous_1)
DA:32,1
DA:42,1
DA:44,1
DA:45,0
DA:47,1
LF:5
LH:4
BRDA:30,0,0,1
BRDA:44,1,0,0
BRDA:44,1,1,1
BRF:3
BRH:2
end_of_record
TN:
SF:namespaces.js
FNF:0
FNH:0
DA:22,1
DA:23,1
DA:24,1
DA:25,1
DA:26,1
DA:27,1
DA:28,1
DA:29,1
DA:30,1
DA:31,1
DA:32,1
DA:33,1
DA:34,1
DA:35,1
DA:36,1
DA:37,1
DA:38,1
DA:39,1
DA:40,1
DA:41,1
DA:42,1
DA:43,1
DA:44,1
DA:45,1
LF:24
LH:24
BRF:0
BRH:0
end_of_record
